<?xml version="1.0" encoding="UTF-8"?>
<testsuite xmlns:xsi="http://www.w3.org/2001/XMLSchema-instance" xsi:noNamespaceSchemaLocation="https://maven.apache.org/surefire/maven-surefire-plugin/xsd/surefire-test-report.xsd" version="3.0.2" name="com.e_handel.ProductServiceApplicationTests" time="2.867" tests="1" errors="0" skipped="0" failures="0">
  <properties>
[...]
</properties>
  <testcase name="contextLoads" classname="com.e_handel.ProductServiceApplicationTests" time="0.34">
    <system-out><![CDATA[Standard Commons Logging discovery in action with spring-jcl: please remove commons-logging.jar from classpath in order to avoid potential conflicts
14:52:55.215 [main] INFO org.springframework.test.context.support.AnnotationConfigContextLoaderUtils -- Could not detect default configuration classes for test class [com.e_handel.ProductServiceApplicationTests]: ProductServiceApplicationTests does not declare any static, non-private, non-final, nested classes annotated with @Configuration.
14:52:55.263 [main] INFO org.springframework.boot.test.context.SpringBootTestContextBootstrapper -- Found @SpringBootConfiguration com.e_handel.ProductServiceApplication for test class com.e_handel.ProductServiceApplicationTests

  .   ____          _            __ _ _
 /\\ / ___'_ __ _ _(_)_ __  __ _ \ \ \ \
( ( )\___ | '_ | '_| | '_ \/ _` | \ \ \ \
 \\/  ___)| |_)| | | | | || (_| |  ) ) ) )
  '  |____| .__|_| |_|_| |_\__, | / / / /
 =========|_|==============|___/=/_/_/_/

 :: Spring Boot ::                (v3.4.3)

2025-03-29T14:52:55.439+01:00  INFO 36291 --- [e-handel] [           main] c.e.ProductServiceApplicationTests       : Starting ProductServiceApplicationTests using Java 23.0.1 with PID 36291 (started by sawratan in /Users/sawratan/Documents/springBoot/e-handel-microservices/productService)
2025-03-29T14:52:55.439+01:00  INFO 36291 --- [e-handel] [           main] c.e.ProductServiceApplicationTests       : No active profile set, falling back to 1 default profile: "default"
2025-03-29T14:52:55.439+01:00 DEBUG 36291 --- [e-handel] [           main] o.s.boot.SpringApplication               : Loading source class com.e_handel.ProductServiceApplication
2025-03-29T14:52:55.452+01:00 DEBUG 36291 --- [e-handel] [           main] o.s.w.c.s.GenericWebApplicationContext   : Refreshing org.springframework.web.context.support.GenericWebApplicationContext@71ea1fda
2025-03-29T14:52:55.459+01:00 DEBUG 36291 --- [e-handel] [           main] o.s.b.f.s.DefaultListableBeanFactory     : Creating shared instance of singleton bean 'org.springframework.context.annotation.internalConfigurationAnnotationProcessor'
2025-03-29T14:52:55.464+01:00 DEBUG 36291 --- [e-handel] [           main] o.s.b.f.s.DefaultListableBeanFactory     : Creating shared instance of singleton bean 'org.springframework.boot.autoconfigure.internalCachingMetadataReaderFactory'
2025-03-29T14:52:55.478+01:00 DEBUG 36291 --- [e-handel] [           main] o.s.c.a.ClassPathBeanDefinitionScanner   : Identified candidate component class: file [/Users/sawratan/Documents/springBoot/e-handel-microservices/productService/target/classes/com/e_handel/config/WebClientConfig.class]
2025-03-29T14:52:55.485+01:00 DEBUG 36291 --- [e-handel] [           main] o.s.c.a.ClassPathBeanDefinitionScanner   : Identified candidate component class: file [/Users/sawratan/Documents/springBoot/e-handel-microservices/productService/target/classes/com/e_handel/controller/ProductController.class]
2025-03-29T14:52:55.487+01:00 DEBUG 36291 --- [e-handel] [           main] o.s.c.a.ClassPathBeanDefinitionScanner   : Ignored because not a concrete top-level class: file [/Users/sawratan/Documents/springBoot/e-handel-microservices/productService/target/classes/com/e_handel/repository/ProductRepository.class]
2025-03-29T14:52:55.487+01:00 DEBUG 36291 --- [e-handel] [           main] o.s.c.a.ClassPathBeanDefinitionScanner   : Identified candidate component class: file [/Users/sawratan/Documents/springBoot/e-handel-microservices/productService/target/classes/com/e_handel/services/ProductService.class]
2025-03-29T14:52:55.487+01:00 DEBUG 36291 --- [e-handel] [           main] o.s.c.a.ClassPathBeanDefinitionScanner   : Identified candidate component class: file [/Users/sawratan/Documents/springBoot/e-handel-microservices/productService/target/classes/com/e_handel/webclient/ProductClient.class]
2025-03-29T14:52:55.487+01:00 DEBUG 36291 --- [e-handel] [           main] o.s.c.a.ClassPathBeanDefinitionScanner   : Identified candidate component class: file [/Users/sawratan/Documents/springBoot/e-handel-microservices/productService/target/classes/com/e_handel/webclient/UserClient.class]
2025-03-29T14:52:55.768+01:00  INFO 36291 --- [e-handel] [           main] .s.d.r.c.RepositoryConfigurationDelegate : Bootstrapping Spring Data JPA repositories in DEFAULT mode.
2025-03-29T14:52:55.774+01:00 DEBUG 36291 --- [e-handel] [           main] o.s.b.f.s.DefaultListableBeanFactory     : Creating shared instance of singleton bean 'org.springframework.boot.autoconfigure.AutoConfigurationPackages'
2025-03-29T14:52:55.778+01:00 DEBUG 36291 --- [e-handel] [           main] o.s.b.a.AutoConfigurationPackages        : @EnableAutoConfiguration was declared on a class in the package 'com.e_handel'. Automatic @Repository and @Entity scanning is enabled.
2025-03-29T14:52:55.778+01:00 DEBUG 36291 --- [e-handel] [           main] .s.d.r.c.RepositoryConfigurationDelegate : Scanning for JPA repositories in packages com.e_handel.
2025-03-29T14:52:55.783+01:00 DEBUG 36291 --- [e-handel] [           main] o.s.d.r.c.RepositoryComponentProvider    : Identified candidate component class: file [/Users/sawratan/Documents/springBoot/e-handel-microservices/productService/target/classes/com/e_handel/repository/ProductRepository.class]
2025-03-29T14:52:55.846+01:00  INFO 36291 --- [e-handel] [           main] .s.d.r.c.RepositoryConfigurationDelegate : Finished Spring Data repository scanning in 66 ms. Found 1 JPA repository interface.
2025-03-29T14:52:55.917+01:00 DEBUG 36291 --- [e-handel] [           main] o.s.b.f.s.DefaultListableBeanFactory     : Creating shared instance of singleton bean 'propertySourcesPlaceholderConfigurer'
2025-03-29T14:52:55.919+01:00 DEBUG 36291 --- [e-handel] [           main] o.s.b.f.s.DefaultListableBeanFactory     : Creating shared instance of singleton bean 'org.springframework.boot.test.mock.mockito.MockitoPostProcessor'
2025-03-29T14:52:55.920+01:00 DEBUG 36291 --- [e-handel] [           main] o.s.b.f.s.DefaultListableBeanFactory     : Creating shared instance of singleton bean 'emBeanDefinitionRegistrarPostProcessor'
2025-03-29T14:52:55.920+01:00 DEBUG 36291 --- [e-handel] [           main] o.s.b.f.s.DefaultListableBeanFactory     : Creating shared instance of singleton bean 'org.springframework.boot.sql.init.dependency.DatabaseInitializationDependencyConfigurer$DependsOnDatabaseInitializationPostProcessor'
2025-03-29T14:52:55.939+01:00 DEBUG 36291 --- [e-handel] [           main] o.s.b.f.s.DefaultListableBeanFactory     : Creating shared instance of singleton bean 'org.springframework.context.event.internalEventListenerProcessor'
2025-03-29T14:52:55.939+01:00 DEBUG 36291 --- [e-handel] [           main] o.s.b.f.s.DefaultListableBeanFactory     : Creating shared instance of singleton bean 'preserveErrorControllerTargetClassPostProcessor'
2025-03-29T14:52:55.940+01:00 DEBUG 36291 --- [e-handel] [           main] o.s.b.f.s.DefaultListableBeanFactory     : Creating shared instance of singleton bean 'org.springframework.context.event.internalEventListenerFactory'
2025-03-29T14:52:55.940+01:00 DEBUG 36291 --- [e-handel] [           main] o.s.b.f.s.DefaultListableBeanFactory     : Creating shared instance of singleton bean 'org.springframework.transaction.config.internalTransactionalEventListenerFactory'
2025-03-29T14:52:55.941+01:00 DEBUG 36291 --- [e-handel] [           main] o.s.b.f.s.DefaultListableBeanFactory     : Creating shared instance of singleton bean 'org.springframework.boot.test.mock.mockito.MockitoPostProcessor$SpyPostProcessor'
2025-03-29T14:52:55.941+01:00 DEBUG 36291 --- [e-handel] [           main] o.s.b.f.s.DefaultListableBeanFactory     : Creating shared instance of singleton bean 'org.springframework.context.annotation.internalAutowiredAnnotationProcessor'
2025-03-29T14:52:55.942+01:00 DEBUG 36291 --- [e-handel] [           main] o.s.b.f.s.DefaultListableBeanFactory     : Creating shared instance of singleton bean 'org.springframework.context.annotation.internalCommonAnnotationProcessor'
2025-03-29T14:52:55.943+01:00 DEBUG 36291 --- [e-handel] [           main] o.s.b.f.s.DefaultListableBeanFactory     : Creating shared instance of singleton bean 'org.springframework.context.annotation.internalPersistenceAnnotationProcessor'
2025-03-29T14:52:55.943+01:00 DEBUG 36291 --- [e-handel] [           main] o.s.b.f.s.DefaultListableBeanFactory     : Creating shared instance of singleton bean 'org.springframework.boot.context.properties.ConfigurationPropertiesBindingPostProcessor'
2025-03-29T14:52:55.943+01:00 DEBUG 36291 --- [e-handel] [           main] o.s.b.f.s.DefaultListableBeanFactory     : Creating shared instance of singleton bean 'org.springframework.boot.context.internalConfigurationPropertiesBinder'
2025-03-29T14:52:55.944+01:00 DEBUG 36291 --- [e-handel] [           main] o.s.b.f.s.DefaultListableBeanFactory     : Creating shared instance of singleton bean 'jdbcConnectionDetailsHikariBeanPostProcessor'
2025-03-29T14:52:55.945+01:00 DEBUG 36291 --- [e-handel] [           main] o.s.b.f.s.DefaultListableBeanFactory     : Creating shared instance of singleton bean 'org.springframework.aop.config.internalAutoProxyCreator'
2025-03-29T14:52:55.953+01:00 DEBUG 36291 --- [e-handel] [           main] o.s.b.f.s.DefaultListableBeanFactory     : Creating shared instance of singleton bean 'persistenceExceptionTranslationPostProcessor'
2025-03-29T14:52:55.954+01:00 DEBUG 36291 --- [e-handel] [           main] o.s.b.f.s.DefaultListableBeanFactory     : Autowiring by type from bean name 'persistenceExceptionTranslationPostProcessor' via factory method to bean named 'environment'
2025-03-29T14:52:55.955+01:00 DEBUG 36291 --- [e-handel] [           main] o.s.b.f.s.DefaultListableBeanFactory     : Creating shared instance of singleton bean 'webServerFactoryCustomizerBeanPostProcessor'
2025-03-29T14:52:55.955+01:00 DEBUG 36291 --- [e-handel] [           main] o.s.b.f.s.DefaultListableBeanFactory     : Creating shared instance of singleton bean 'errorPageRegistrarBeanPostProcessor'
2025-03-29T14:52:55.955+01:00 DEBUG 36291 --- [e-handel] [           main] o.s.b.f.s.DefaultListableBeanFactory     : Creating shared instance of singleton bean 'projectingArgumentResolverBeanPostProcessor'
2025-03-29T14:52:55.956+01:00 DEBUG 36291 --- [e-handel] [           main] o.s.b.f.s.DefaultListableBeanFactory     : Creating shared instance of singleton bean 'org.springframework.transaction.config.internalTransactionAdvisor'
2025-03-29T14:52:55.956+01:00 DEBUG 36291 --- [e-handel] [           main] o.s.b.f.s.DefaultListableBeanFactory     : Creating shared instance of singleton bean 'org.springframework.transaction.annotation.ProxyTransactionManagementConfiguration'
2025-03-29T14:52:55.968+01:00 DEBUG 36291 --- [e-handel] [           main] o.s.b.f.s.DefaultListableBeanFactory     : Creating shared instance of singleton bean 'transactionAttributeSource'
2025-03-29T14:52:55.969+01:00 DEBUG 36291 --- [e-handel] [           main] o.s.b.f.s.DefaultListableBeanFactory     : Creating shared instance of singleton bean 'transactionInterceptor'
2025-03-29T14:52:55.969+01:00 DEBUG 36291 --- [e-handel] [           main] o.s.b.f.s.DefaultListableBeanFactory     : Autowiring by type from bean name 'transactionInterceptor' via factory method to bean named 'transactionAttributeSource'
2025-03-29T14:52:55.970+01:00 DEBUG 36291 --- [e-handel] [           main] o.s.b.f.s.DefaultListableBeanFactory     : Autowiring by type from bean name 'org.springframework.transaction.config.internalTransactionAdvisor' via factory method to bean named 'transactionAttributeSource'
2025-03-29T14:52:55.970+01:00 DEBUG 36291 --- [e-handel] [           main] o.s.b.f.s.DefaultListableBeanFactory     : Autowiring by type from bean name 'org.springframework.transaction.config.internalTransactionAdvisor' via factory method to bean named 'transactionInterceptor'
2025-03-29T14:52:55.977+01:00 DEBUG 36291 --- [e-handel] [           main] o.s.u.c.s.UiApplicationContextUtils      : Unable to locate ThemeSource with name 'themeSource': using default [org.springframework.ui.context.support.ResourceBundleThemeSource@4f486211]
2025-03-29T14:52:55.978+01:00 DEBUG 36291 --- [e-handel] [           main] o.s.b.f.s.DefaultListableBeanFactory     : Creating shared instance of singleton bean 'org.springframework.test.context.support.internalDynamicPropertyRegistrarBeanInitializer'
2025-03-29T14:52:55.978+01:00 DEBUG 36291 --- [e-handel] [           main] o.s.b.f.s.DefaultListableBeanFactory     : Creating shared instance of singleton bean 'dataSourceScriptDatabaseInitializer'
2025-03-29T14:52:55.978+01:00 DEBUG 36291 --- [e-handel] [           main] o.s.b.f.s.DefaultListableBeanFactory     : Creating shared instance of singleton bean 'org.springframework.boot.autoconfigure.sql.init.DataSourceInitializationConfiguration'
2025-03-29T14:52:55.979+01:00 DEBUG 36291 --- [e-handel] [           main] o.s.b.f.s.DefaultListableBeanFactory     : Creating shared instance of singleton bean 'dataSource'
2025-03-29T14:52:55.979+01:00 DEBUG 36291 --- [e-handel] [           main] o.s.b.f.s.DefaultListableBeanFactory     : Creating shared instance of singleton bean 'org.springframework.boot.autoconfigure.jdbc.DataSourceConfiguration$Hikari'
2025-03-29T14:52:55.979+01:00 DEBUG 36291 --- [e-handel] [           main] o.s.b.f.s.DefaultListableBeanFactory     : Creating shared instance of singleton bean 'spring.datasource-org.springframework.boot.autoconfigure.jdbc.DataSourceProperties'
2025-03-29T14:52:55.980+01:00 DEBUG 36291 --- [e-handel] [           main] o.s.b.f.s.DefaultListableBeanFactory     : Creating shared instance of singleton bean 'org.springframework.boot.context.properties.BoundConfigurationProperties'
2025-03-29T14:52:55.984+01:00 DEBUG 36291 --- [e-handel] [           main] o.s.b.f.s.DefaultListableBeanFactory     : Creating shared instance of singleton bean 'jdbcConnectionDetails'
2025-03-29T14:52:55.984+01:00 DEBUG 36291 --- [e-handel] [           main] o.s.b.f.s.DefaultListableBeanFactory     : Creating shared instance of singleton bean 'org.springframework.boot.autoconfigure.jdbc.DataSourceAutoConfiguration$PooledDataSourceConfiguration'
2025-03-29T14:52:55.985+01:00 DEBUG 36291 --- [e-handel] [           main] o.s.b.f.s.DefaultListableBeanFactory     : Autowiring by type from bean name 'jdbcConnectionDetails' via factory method to bean named 'spring.datasource-org.springframework.boot.autoconfigure.jdbc.DataSourceProperties'
2025-03-29T14:52:55.985+01:00 DEBUG 36291 --- [e-handel] [           main] o.s.b.f.s.DefaultListableBeanFactory     : Autowiring by type from bean name 'dataSource' via factory method to bean named 'spring.datasource-org.springframework.boot.autoconfigure.jdbc.DataSourceProperties'
2025-03-29T14:52:55.985+01:00 DEBUG 36291 --- [e-handel] [           main] o.s.b.f.s.DefaultListableBeanFactory     : Autowiring by type from bean name 'dataSource' via factory method to bean named 'jdbcConnectionDetails'
2025-03-29T14:52:55.995+01:00 DEBUG 36291 --- [e-handel] [           main] o.s.b.f.s.DefaultListableBeanFactory     : Creating shared instance of singleton bean 'spring.sql.init-org.springframework.boot.autoconfigure.sql.init.SqlInitializationProperties'
2025-03-29T14:52:55.997+01:00 DEBUG 36291 --- [e-handel] [           main] o.s.b.f.s.DefaultListableBeanFactory     : Autowiring by type from bean name 'dataSourceScriptDatabaseInitializer' via factory method to bean named 'dataSource'
2025-03-29T14:52:55.997+01:00 DEBUG 36291 --- [e-handel] [           main] o.s.b.f.s.DefaultListableBeanFactory     : Autowiring by type from bean name 'dataSourceScriptDatabaseInitializer' via factory method to bean named 'spring.sql.init-org.springframework.boot.autoconfigure.sql.init.SqlInitializationProperties'
2025-03-29T14:52:55.999+01:00 DEBUG 36291 --- [e-handel] [           main] o.s.b.f.s.DefaultListableBeanFactory     : Creating shared instance of singleton bean 'entityManagerFactory'
2025-03-29T14:52:55.999+01:00 DEBUG 36291 --- [e-handel] [           main] o.s.b.f.s.DefaultListableBeanFactory     : Creating shared instance of singleton bean 'org.springframework.boot.autoconfigure.orm.jpa.HibernateJpaConfiguration'
2025-03-29T14:52:55.999+01:00 DEBUG 36291 --- [e-handel] [           main] o.s.b.f.s.DefaultListableBeanFactory     : Creating shared instance of singleton bean 'spring.jpa-org.springframework.boot.autoconfigure.orm.jpa.JpaProperties'
2025-03-29T14:52:56.001+01:00 DEBUG 36291 --- [e-handel] [           main] o.s.b.f.s.DefaultListableBeanFactory     : Creating shared instance of singleton bean 'spring.jpa.hibernate-org.springframework.boot.autoconfigure.orm.jpa.HibernateProperties'
2025-03-29T14:52:56.001+01:00 DEBUG 36291 --- [e-handel] [           main] o.s.b.f.s.DefaultListableBeanFactory     : Autowiring by type from bean name 'org.springframework.boot.autoconfigure.orm.jpa.HibernateJpaConfiguration' via constructor to bean named 'dataSource'
2025-03-29T14:52:56.001+01:00 DEBUG 36291 --- [e-handel] [           main] o.s.b.f.s.DefaultListableBeanFactory     : Autowiring by type from bean name 'org.springframework.boot.autoconfigure.orm.jpa.HibernateJpaConfiguration' via constructor to bean named 'spring.jpa-org.springframework.boot.autoconfigure.orm.jpa.JpaProperties'
2025-03-29T14:52:56.001+01:00 DEBUG 36291 --- [e-handel] [           main] o.s.b.f.s.DefaultListableBeanFactory     : Autowiring by type from bean name 'org.springframework.boot.autoconfigure.orm.jpa.HibernateJpaConfiguration' via constructor to bean named 'org.springframework.beans.factory.support.DefaultListableBeanFactory@6f6962ba'
2025-03-29T14:52:56.001+01:00 DEBUG 36291 --- [e-handel] [           main] o.s.b.f.s.DefaultListableBeanFactory     : Autowiring by type from bean name 'org.springframework.boot.autoconfigure.orm.jpa.HibernateJpaConfiguration' via constructor to bean named 'spring.jpa.hibernate-org.springframework.boot.autoconfigure.orm.jpa.HibernateProperties'
2025-03-29T14:52:56.002+01:00 DEBUG 36291 --- [e-handel] [           main] o.s.b.f.s.DefaultListableBeanFactory     : Creating shared instance of singleton bean 'hikariPoolDataSourceMetadataProvider'
2025-03-29T14:52:56.003+01:00 DEBUG 36291 --- [e-handel] [           main] o.s.b.f.s.DefaultListableBeanFactory     : Creating shared instance of singleton bean 'org.springframework.boot.autoconfigure.jdbc.metadata.DataSourcePoolMetadataProvidersConfiguration$HikariPoolDataSourceMetadataProviderConfiguration'
2025-03-29T14:52:56.005+01:00 DEBUG 36291 --- [e-handel] [           main] o.s.b.f.s.DefaultListableBeanFactory     : Creating shared instance of singleton bean 'entityManagerFactoryBuilder'
2025-03-29T14:52:56.005+01:00 DEBUG 36291 --- [e-handel] [           main] o.s.b.f.s.DefaultListableBeanFactory     : Creating shared instance of singleton bean 'jpaVendorAdapter'
2025-03-29T14:52:56.013+01:00 DEBUG 36291 --- [e-handel] [           main] o.s.b.f.s.DefaultListableBeanFactory     : Autowiring by type from bean name 'entityManagerFactoryBuilder' via factory method to bean named 'jpaVendorAdapter'
2025-03-29T14:52:56.017+01:00 DEBUG 36291 --- [e-handel] [           main] o.s.b.f.s.DefaultListableBeanFactory     : Creating shared instance of singleton bean 'persistenceManagedTypes'
2025-03-29T14:52:56.017+01:00 DEBUG 36291 --- [e-handel] [           main] o.s.b.f.s.DefaultListableBeanFactory     : Autowiring by type from bean name 'persistenceManagedTypes' via factory method to bean named 'org.springframework.beans.factory.support.DefaultListableBeanFactory@6f6962ba'
2025-03-29T14:52:56.018+01:00 DEBUG 36291 --- [e-handel] [           main] o.s.b.f.s.DefaultListableBeanFactory     : Autowiring by type from bean name 'persistenceManagedTypes' via factory method to bean named 'org.springframework.web.context.support.GenericWebApplicationContext@71ea1fda'
2025-03-29T14:52:56.020+01:00 DEBUG 36291 --- [e-handel] [           main] o.s.b.f.s.DefaultListableBeanFactory     : Autowiring by type from bean name 'entityManagerFactory' via factory method to bean named 'entityManagerFactoryBuilder'
2025-03-29T14:52:56.020+01:00 DEBUG 36291 --- [e-handel] [           main] o.s.b.f.s.DefaultListableBeanFactory     : Autowiring by type from bean name 'entityManagerFactory' via factory method to bean named 'persistenceManagedTypes'
2025-03-29T14:52:56.023+01:00 DEBUG 36291 --- [e-handel] [           main] j.LocalContainerEntityManagerFactoryBean : Building JPA container EntityManagerFactory for persistence unit 'default'
2025-03-29T14:52:56.032+01:00 DEBUG 36291 --- [e-handel] [           main] o.hibernate.jpa.internal.util.LogHelper  : PersistenceUnitInfo [
	name: default
	persistence provider classname: null
	classloader: jdk.internal.loader.ClassLoaders$AppClassLoader@18ff02e4
	excludeUnlistedClasses: true
	JTA datasource: null
	Non JTA datasource: HikariDataSource (null)
	Transaction type: RESOURCE_LOCAL
	PU root URL: file:/Users/sawratan/Documents/springBoot/e-handel-microservices/productService/target/test-classes/
	Shared Cache Mode: UNSPECIFIED
	Validation Mode: AUTO
	Jar files URLs []
	Managed classes names [
		com.e_handel.entity.Product]
	Mapping files names []
	Properties []
2025-03-29T14:52:56.040+01:00 DEBUG 36291 --- [e-handel] [           main] o.h.i.internal.IntegratorServiceImpl     : Adding Integrator [org.hibernate.boot.beanvalidation.BeanValidationIntegrator].
2025-03-29T14:52:56.041+01:00 DEBUG 36291 --- [e-handel] [           main] o.h.i.internal.IntegratorServiceImpl     : Adding Integrator [org.hibernate.cache.internal.CollectionCacheInvalidator].
2025-03-29T14:52:56.046+01:00 TRACE 36291 --- [e-handel] [           main] o.h.b.r.s.internal.StrategySelectorImpl  : Registering named strategy selector [org.hibernate.resource.transaction.spi.TransactionCoordinatorBuilder] : [jdbc] -> [org.hibernate.resource.transaction.backend.jdbc.internal.JdbcResourceLocalTransactionCoordinatorBuilderImpl]
2025-03-29T14:52:56.046+01:00 TRACE 36291 --- [e-handel] [           main] o.h.b.r.s.internal.StrategySelectorImpl  : Registering named strategy selector [org.hibernate.resource.transaction.spi.TransactionCoordinatorBuilder] : [jta] -> [org.hibernate.resource.transaction.backend.jta.internal.JtaTransactionCoordinatorBuilderImpl]
2025-03-29T14:52:56.046+01:00 TRACE 36291 --- [e-handel] [           main] o.h.b.r.s.internal.StrategySelectorImpl  : Registering named strategy selector [org.hibernate.resource.transaction.spi.TransactionCoordinatorBuilder] : [org.hibernate.transaction.JDBCTransactionFactory] -> [org.hibernate.resource.transaction.backend.jdbc.internal.JdbcResourceLocalTransactionCoordinatorBuilderImpl]
2025-03-29T14:52:56.046+01:00 TRACE 36291 --- [e-handel] [           main] o.h.b.r.s.internal.StrategySelectorImpl  : Registering named strategy selector [org.hibernate.resource.transaction.spi.TransactionCoordinatorBuilder] : [org.hibernate.transaction.JTATransactionFactory] -> [org.hibernate.resource.transaction.backend.jta.internal.JtaTransactionCoordinatorBuilderImpl]
2025-03-29T14:52:56.047+01:00 TRACE 36291 --- [e-handel] [           main] o.h.b.r.s.internal.StrategySelectorImpl  : Registering named strategy selector [org.hibernate.resource.transaction.spi.TransactionCoordinatorBuilder] : [org.hibernate.transaction.CMTTransactionFactory] -> [org.hibernate.resource.transaction.backend.jta.internal.JtaTransactionCoordinatorBuilderImpl]
2025-03-29T14:52:56.047+01:00 TRACE 36291 --- [e-handel] [           main] o.h.b.r.s.internal.StrategySelectorImpl  : Registering named strategy selector [org.hibernate.query.sqm.mutation.spi.SqmMultiTableMutationStrategy] : [cte] -> [org.hibernate.query.sqm.mutation.internal.cte.CteMutationStrategy]
2025-03-29T14:52:56.048+01:00 TRACE 36291 --- [e-handel] [           main] o.h.b.r.s.internal.StrategySelectorImpl  : Registering named strategy selector [org.hibernate.query.sqm.mutation.spi.SqmMultiTableMutationStrategy] : [global_temporary] -> [org.hibernate.query.sqm.mutation.internal.temptable.GlobalTemporaryTableMutationStrategy]
2025-03-29T14:52:56.048+01:00 TRACE 36291 --- [e-handel] [           main] o.h.b.r.s.internal.StrategySelectorImpl  : Registering named strategy selector [org.hibernate.query.sqm.mutation.spi.SqmMultiTableMutationStrategy] : [local_temporary] -> [org.hibernate.query.sqm.mutation.internal.temptable.LocalTemporaryTableMutationStrategy]
2025-03-29T14:52:56.048+01:00 TRACE 36291 --- [e-handel] [           main] o.h.b.r.s.internal.StrategySelectorImpl  : Registering named strategy selector [org.hibernate.query.sqm.mutation.spi.SqmMultiTableMutationStrategy] : [persistent] -> [org.hibernate.query.sqm.mutation.internal.temptable.PersistentTableMutationStrategy]
2025-03-29T14:52:56.048+01:00 TRACE 36291 --- [e-handel] [           main] o.h.b.r.s.internal.StrategySelectorImpl  : Registering named strategy selector [org.hibernate.boot.model.naming.ImplicitNamingStrategy] : [default] -> [org.hibernate.boot.model.naming.ImplicitNamingStrategyJpaCompliantImpl]
2025-03-29T14:52:56.048+01:00 TRACE 36291 --- [e-handel] [           main] o.h.b.r.s.internal.StrategySelectorImpl  : Registering named strategy selector [org.hibernate.boot.model.naming.ImplicitNamingStrategy] : [jpa] -> [org.hibernate.boot.model.naming.ImplicitNamingStrategyJpaCompliantImpl]
2025-03-29T14:52:56.049+01:00 TRACE 36291 --- [e-handel] [           main] o.h.b.r.s.internal.StrategySelectorImpl  : Registering named strategy selector [org.hibernate.boot.model.naming.ImplicitNamingStrategy] : [legacy-jpa] -> [org.hibernate.boot.model.naming.ImplicitNamingStrategyLegacyJpaImpl]
2025-03-29T14:52:56.049+01:00 TRACE 36291 --- [e-handel] [           main] o.h.b.r.s.internal.StrategySelectorImpl  : Registering named strategy selector [org.hibernate.boot.model.naming.ImplicitNamingStrategy] : [legacy-hbm] -> [org.hibernate.boot.model.naming.ImplicitNamingStrategyLegacyHbmImpl]
2025-03-29T14:52:56.049+01:00 TRACE 36291 --- [e-handel] [           main] o.h.b.r.s.internal.StrategySelectorImpl  : Registering named strategy selector [org.hibernate.boot.model.naming.ImplicitNamingStrategy] : [component-path] -> [org.hibernate.boot.model.naming.ImplicitNamingStrategyComponentPathImpl]
2025-03-29T14:52:56.050+01:00 TRACE 36291 --- [e-handel] [           main] o.h.b.r.s.internal.StrategySelectorImpl  : Registering named strategy selector [org.hibernate.id.enhanced.ImplicitDatabaseObjectNamingStrategy] : [standard] -> [org.hibernate.id.enhanced.StandardNamingStrategy]
2025-03-29T14:52:56.050+01:00 TRACE 36291 --- [e-handel] [           main] o.h.b.r.s.internal.StrategySelectorImpl  : Registering named strategy selector [org.hibernate.id.enhanced.ImplicitDatabaseObjectNamingStrategy] : [single] -> [org.hibernate.id.enhanced.SingleNamingStrategy]
2025-03-29T14:52:56.050+01:00 TRACE 36291 --- [e-handel] [           main] o.h.b.r.s.internal.StrategySelectorImpl  : Registering named strategy selector [org.hibernate.id.enhanced.ImplicitDatabaseObjectNamingStrategy] : [legacy] -> [org.hibernate.id.enhanced.LegacyNamingStrategy]
2025-03-29T14:52:56.050+01:00 TRACE 36291 --- [e-handel] [           main] o.h.b.r.s.internal.StrategySelectorImpl  : Registering named strategy selector [org.hibernate.boot.model.relational.ColumnOrderingStrategy] : [default] -> [org.hibernate.boot.model.relational.ColumnOrderingStrategyStandard]
2025-03-29T14:52:56.051+01:00 TRACE 36291 --- [e-handel] [           main] o.h.b.r.s.internal.StrategySelectorImpl  : Registering named strategy selector [org.hibernate.boot.model.relational.ColumnOrderingStrategy] : [legacy] -> [org.hibernate.boot.model.relational.ColumnOrderingStrategyLegacy]
2025-03-29T14:52:56.051+01:00 TRACE 36291 --- [e-handel] [           main] o.h.b.r.s.internal.StrategySelectorImpl  : Registering named strategy selector [org.hibernate.cache.spi.CacheKeysFactory] : [default] -> [org.hibernate.cache.internal.DefaultCacheKeysFactory]
2025-03-29T14:52:56.051+01:00 TRACE 36291 --- [e-handel] [           main] o.h.b.r.s.internal.StrategySelectorImpl  : Registering named strategy selector [org.hibernate.cache.spi.CacheKeysFactory] : [simple] -> [org.hibernate.cache.internal.SimpleCacheKeysFactory]
2025-03-29T14:52:56.051+01:00 TRACE 36291 --- [e-handel] [           main] o.h.b.r.s.internal.StrategySelectorImpl  : Registering named strategy selector [org.hibernate.type.format.FormatMapper] : [jackson] -> [org.hibernate.type.format.jackson.JacksonJsonFormatMapper]
2025-03-29T14:52:56.052+01:00 TRACE 36291 --- [e-handel] [           main] o.h.b.r.s.internal.StrategySelectorImpl  : Registering named strategy selector [org.hibernate.type.format.FormatMapper] : [jsonb] -> [org.hibernate.type.format.jakartajson.JsonBJsonFormatMapper]
2025-03-29T14:52:56.052+01:00 TRACE 36291 --- [e-handel] [           main] o.h.b.r.s.internal.StrategySelectorImpl  : Registering named strategy selector [org.hibernate.type.format.FormatMapper] : [jackson-xml] -> [org.hibernate.type.format.jackson.JacksonXmlFormatMapper]
2025-03-29T14:52:56.052+01:00 TRACE 36291 --- [e-handel] [           main] o.h.b.r.s.internal.StrategySelectorImpl  : Registering named strategy selector [org.hibernate.type.format.FormatMapper] : [jaxb] -> [org.hibernate.type.format.jaxb.JaxbXmlFormatMapper]
2025-03-29T14:52:56.067+01:00  INFO 36291 --- [e-handel] [           main] org.hibernate.Version                    : HHH000412: Hibernate ORM core version 6.2.0.Final
2025-03-29T14:52:56.068+01:00 DEBUG 36291 --- [e-handel] [           main] org.hibernate.cfg.Environment            : HHH000206: hibernate.properties not found
2025-03-29T14:52:56.068+01:00  INFO 36291 --- [e-handel] [           main] org.hibernate.cfg.Environment            : HHH000406: Using bytecode reflection optimizer
2025-03-29T14:52:56.077+01:00 TRACE 36291 --- [e-handel] [           main] o.h.s.i.AbstractServiceRegistryImpl      : Initializing service [role=org.hibernate.id.factory.IdentifierGeneratorFactory]
2025-03-29T14:52:56.078+01:00 TRACE 36291 --- [e-handel] [           main] o.h.s.i.AbstractServiceRegistryImpl      : Initializing service [role=org.hibernate.engine.config.spi.ConfigurationService]
2025-03-29T14:52:56.080+01:00 TRACE 36291 --- [e-handel] [           main] o.h.s.i.AbstractServiceRegistryImpl      : Initializing service [role=org.hibernate.resource.beans.spi.ManagedBeanRegistry]
2025-03-29T14:52:56.083+01:00 DEBUG 36291 --- [e-handel] [           main] org.hibernate.orm.idgen.factory          : Registering IdentifierGenerator strategy [uuid2] -> [org.hibernate.id.UUIDGenerator]
2025-03-29T14:52:56.084+01:00 DEBUG 36291 --- [e-handel] [           main] org.hibernate.orm.idgen.factory          : Registering IdentifierGenerator strategy [guid] -> [org.hibernate.id.GUIDGenerator]
2025-03-29T14:52:56.084+01:00 DEBUG 36291 --- [e-handel] [           main] org.hibernate.orm.idgen.factory          : Registering IdentifierGenerator strategy [uuid] -> [org.hibernate.id.UUIDHexGenerator]
2025-03-29T14:52:56.084+01:00 DEBUG 36291 --- [e-handel] [           main] org.hibernate.orm.idgen.factory          : Registering IdentifierGenerator strategy [uuid.hex] -> [org.hibernate.id.UUIDHexGenerator]
2025-03-29T14:52:56.085+01:00 DEBUG 36291 --- [e-handel] [           main] org.hibernate.orm.idgen.factory          : Registering IdentifierGenerator strategy [assigned] -> [org.hibernate.id.Assigned]
2025-03-29T14:52:56.085+01:00 DEBUG 36291 --- [e-handel] [           main] org.hibernate.orm.idgen.factory          : Registering IdentifierGenerator strategy [identity] -> [org.hibernate.id.IdentityGenerator]
2025-03-29T14:52:56.085+01:00 DEBUG 36291 --- [e-handel] [           main] org.hibernate.orm.idgen.factory          : Registering IdentifierGenerator strategy [select] -> [org.hibernate.id.SelectGenerator]
2025-03-29T14:52:56.086+01:00 DEBUG 36291 --- [e-handel] [           main] org.hibernate.orm.idgen.factory          : Registering IdentifierGenerator strategy [sequence] -> [org.hibernate.id.enhanced.SequenceStyleGenerator]
2025-03-29T14:52:56.086+01:00 DEBUG 36291 --- [e-handel] [           main] org.hibernate.orm.idgen.factory          : Registering IdentifierGenerator strategy [increment] -> [org.hibernate.id.IncrementGenerator]
2025-03-29T14:52:56.087+01:00 DEBUG 36291 --- [e-handel] [           main] org.hibernate.orm.idgen.factory          : Registering IdentifierGenerator strategy [foreign] -> [org.hibernate.id.ForeignGenerator]
2025-03-29T14:52:56.087+01:00 DEBUG 36291 --- [e-handel] [           main] org.hibernate.orm.idgen.factory          : Registering IdentifierGenerator strategy [enhanced-sequence] -> [org.hibernate.id.enhanced.SequenceStyleGenerator]
2025-03-29T14:52:56.087+01:00 DEBUG 36291 --- [e-handel] [           main] org.hibernate.orm.idgen.factory          : Registering IdentifierGenerator strategy [enhanced-table] -> [org.hibernate.id.enhanced.TableGenerator]
2025-03-29T14:52:56.093+01:00 TRACE 36291 --- [e-handel] [           main] o.h.s.i.AbstractServiceRegistryImpl      : Initializing service [role=org.hibernate.engine.jdbc.connections.spi.MultiTenantConnectionProvider]
2025-03-29T14:52:56.093+01:00 TRACE 36291 --- [e-handel] [           main] o.h.s.i.AbstractServiceRegistryImpl      : Initializing service [role=org.hibernate.cache.spi.RegionFactory]
2025-03-29T14:52:56.094+01:00 DEBUG 36291 --- [e-handel] [           main] o.h.c.internal.RegionFactoryInitiator    : Cannot default RegionFactory based on registered strategies as `[]` RegionFactory strategies were registered
2025-03-29T14:52:56.094+01:00 DEBUG 36291 --- [e-handel] [           main] o.h.c.internal.RegionFactoryInitiator    : Cache region factory : org.hibernate.cache.internal.NoCachingRegionFactory
2025-03-29T14:52:56.160+01:00 DEBUG 36291 --- [e-handel] [           main] org.hibernate.type.BasicTypeRegistry     : Adding type registration boolean -> org.hibernate.type.BasicTypeReference@6c835217
2025-03-29T14:52:56.160+01:00 DEBUG 36291 --- [e-handel] [           main] org.hibernate.type.BasicTypeRegistry     : Adding type registration boolean -> org.hibernate.type.BasicTypeReference@6c835217
2025-03-29T14:52:56.161+01:00 DEBUG 36291 --- [e-handel] [           main] org.hibernate.type.BasicTypeRegistry     : Adding type registration java.lang.Boolean -> org.hibernate.type.BasicTypeReference@6c835217
2025-03-29T14:52:56.161+01:00 DEBUG 36291 --- [e-handel] [           main] org.hibernate.type.BasicTypeRegistry     : Adding type registration numeric_boolean -> org.hibernate.type.BasicTypeReference@4584304
2025-03-29T14:52:56.161+01:00 DEBUG 36291 --- [e-handel] [           main] org.hibernate.type.BasicTypeRegistry     : Adding type registration org.hibernate.type.NumericBooleanConverter -> org.hibernate.type.BasicTypeReference@4584304
2025-03-29T14:52:56.161+01:00 DEBUG 36291 --- [e-handel] [           main] org.hibernate.type.BasicTypeRegistry     : Adding type registration true_false -> org.hibernate.type.BasicTypeReference@51888019
2025-03-29T14:52:56.161+01:00 DEBUG 36291 --- [e-handel] [           main] org.hibernate.type.BasicTypeRegistry     : Adding type registration org.hibernate.type.TrueFalseConverter -> org.hibernate.type.BasicTypeReference@51888019
2025-03-29T14:52:56.161+01:00 DEBUG 36291 --- [e-handel] [           main] org.hibernate.type.BasicTypeRegistry     : Adding type registration yes_no -> org.hibernate.type.BasicTypeReference@6f50d55c
2025-03-29T14:52:56.161+01:00 DEBUG 36291 --- [e-handel] [           main] org.hibernate.type.BasicTypeRegistry     : Adding type registration org.hibernate.type.YesNoConverter -> org.hibernate.type.BasicTypeReference@6f50d55c
2025-03-29T14:52:56.161+01:00 DEBUG 36291 --- [e-handel] [           main] org.hibernate.type.BasicTypeRegistry     : Adding type registration byte -> org.hibernate.type.BasicTypeReference@19b5214b
2025-03-29T14:52:56.161+01:00 DEBUG 36291 --- [e-handel] [           main] org.hibernate.type.BasicTypeRegistry     : Adding type registration byte -> org.hibernate.type.BasicTypeReference@19b5214b
2025-03-29T14:52:56.161+01:00 DEBUG 36291 --- [e-handel] [           main] org.hibernate.type.BasicTypeRegistry     : Adding type registration java.lang.Byte -> org.hibernate.type.BasicTypeReference@19b5214b
2025-03-29T14:52:56.161+01:00 DEBUG 36291 --- [e-handel] [           main] org.hibernate.type.BasicTypeRegistry     : Adding type registration binary -> org.hibernate.type.BasicTypeReference@5fb3111a
2025-03-29T14:52:56.161+01:00 DEBUG 36291 --- [e-handel] [           main] org.hibernate.type.BasicTypeRegistry     : Adding type registration byte[] -> org.hibernate.type.BasicTypeReference@5fb3111a
2025-03-29T14:52:56.161+01:00 DEBUG 36291 --- [e-handel] [           main] org.hibernate.type.BasicTypeRegistry     : Adding type registration [B -> org.hibernate.type.BasicTypeReference@5fb3111a
2025-03-29T14:52:56.161+01:00 DEBUG 36291 --- [e-handel] [           main] org.hibernate.type.BasicTypeRegistry     : Adding type registration binary_wrapper -> org.hibernate.type.BasicTypeReference@4aaecabd
2025-03-29T14:52:56.162+01:00 DEBUG 36291 --- [e-handel] [           main] org.hibernate.type.BasicTypeRegistry     : Adding type registration wrapper-binary -> org.hibernate.type.BasicTypeReference@4aaecabd
2025-03-29T14:52:56.162+01:00 DEBUG 36291 --- [e-handel] [           main] org.hibernate.type.BasicTypeRegistry     : Adding type registration image -> org.hibernate.type.BasicTypeReference@23bd0c81
2025-03-29T14:52:56.162+01:00 DEBUG 36291 --- [e-handel] [           main] org.hibernate.type.BasicTypeRegistry     : Adding type registration blob -> org.hibernate.type.BasicTypeReference@1332dec4
2025-03-29T14:52:56.162+01:00 DEBUG 36291 --- [e-handel] [           main] org.hibernate.type.BasicTypeRegistry     : Adding type registration java.sql.Blob -> org.hibernate.type.BasicTypeReference@1332dec4
2025-03-29T14:52:56.162+01:00 DEBUG 36291 --- [e-handel] [           main] org.hibernate.type.BasicTypeRegistry     : Adding type registration materialized_blob -> org.hibernate.type.BasicTypeReference@544e3679
2025-03-29T14:52:56.162+01:00 DEBUG 36291 --- [e-handel] [           main] org.hibernate.type.BasicTypeRegistry     : Adding type registration materialized_blob_wrapper -> org.hibernate.type.BasicTypeReference@6889f56f
2025-03-29T14:52:56.162+01:00 DEBUG 36291 --- [e-handel] [           main] org.hibernate.type.BasicTypeRegistry     : Adding type registration short -> org.hibernate.type.BasicTypeReference@231b35fb
2025-03-29T14:52:56.162+01:00 DEBUG 36291 --- [e-handel] [           main] org.hibernate.type.BasicTypeRegistry     : Adding type registration short -> org.hibernate.type.BasicTypeReference@231b35fb
2025-03-29T14:52:56.162+01:00 DEBUG 36291 --- [e-handel] [           main] org.hibernate.type.BasicTypeRegistry     : Adding type registration java.lang.Short -> org.hibernate.type.BasicTypeReference@231b35fb
2025-03-29T14:52:56.162+01:00 DEBUG 36291 --- [e-handel] [           main] org.hibernate.type.BasicTypeRegistry     : Adding type registration integer -> org.hibernate.type.BasicTypeReference@26da1ba2
2025-03-29T14:52:56.162+01:00 DEBUG 36291 --- [e-handel] [           main] org.hibernate.type.BasicTypeRegistry     : Adding type registration int -> org.hibernate.type.BasicTypeReference@26da1ba2
2025-03-29T14:52:56.162+01:00 DEBUG 36291 --- [e-handel] [           main] org.hibernate.type.BasicTypeRegistry     : Adding type registration java.lang.Integer -> org.hibernate.type.BasicTypeReference@26da1ba2
2025-03-29T14:52:56.162+01:00 DEBUG 36291 --- [e-handel] [           main] org.hibernate.type.BasicTypeRegistry     : Adding type registration long -> org.hibernate.type.BasicTypeReference@3820cfe
2025-03-29T14:52:56.163+01:00 DEBUG 36291 --- [e-handel] [           main] org.hibernate.type.BasicTypeRegistry     : Adding type registration long -> org.hibernate.type.BasicTypeReference@3820cfe
2025-03-29T14:52:56.163+01:00 DEBUG 36291 --- [e-handel] [           main] org.hibernate.type.BasicTypeRegistry     : Adding type registration java.lang.Long -> org.hibernate.type.BasicTypeReference@3820cfe
2025-03-29T14:52:56.163+01:00 DEBUG 36291 --- [e-handel] [           main] org.hibernate.type.BasicTypeRegistry     : Adding type registration float -> org.hibernate.type.BasicTypeReference@2407a36c
2025-03-29T14:52:56.163+01:00 DEBUG 36291 --- [e-handel] [           main] org.hibernate.type.BasicTypeRegistry     : Adding type registration float -> org.hibernate.type.BasicTypeReference@2407a36c
2025-03-29T14:52:56.163+01:00 DEBUG 36291 --- [e-handel] [           main] org.hibernate.type.BasicTypeRegistry     : Adding type registration java.lang.Float -> org.hibernate.type.BasicTypeReference@2407a36c
2025-03-29T14:52:56.163+01:00 DEBUG 36291 --- [e-handel] [           main] org.hibernate.type.BasicTypeRegistry     : Adding type registration double -> org.hibernate.type.BasicTypeReference@5ec9eefa
2025-03-29T14:52:56.163+01:00 DEBUG 36291 --- [e-handel] [           main] org.hibernate.type.BasicTypeRegistry     : Adding type registration double -> org.hibernate.type.BasicTypeReference@5ec9eefa
2025-03-29T14:52:56.163+01:00 DEBUG 36291 --- [e-handel] [           main] org.hibernate.type.BasicTypeRegistry     : Adding type registration java.lang.Double -> org.hibernate.type.BasicTypeReference@5ec9eefa
2025-03-29T14:52:56.163+01:00 DEBUG 36291 --- [e-handel] [           main] org.hibernate.type.BasicTypeRegistry     : Adding type registration big_integer -> org.hibernate.type.BasicTypeReference@28b8f98a
2025-03-29T14:52:56.163+01:00 DEBUG 36291 --- [e-handel] [           main] org.hibernate.type.BasicTypeRegistry     : Adding type registration java.math.BigInteger -> org.hibernate.type.BasicTypeReference@28b8f98a
2025-03-29T14:52:56.163+01:00 DEBUG 36291 --- [e-handel] [           main] org.hibernate.type.BasicTypeRegistry     : Adding type registration big_decimal -> org.hibernate.type.BasicTypeReference@3b4ef59f
2025-03-29T14:52:56.163+01:00 DEBUG 36291 --- [e-handel] [           main] org.hibernate.type.BasicTypeRegistry     : Adding type registration java.math.BigDecimal -> org.hibernate.type.BasicTypeReference@3b4ef59f
2025-03-29T14:52:56.163+01:00 DEBUG 36291 --- [e-handel] [           main] org.hibernate.type.BasicTypeRegistry     : Adding type registration character -> org.hibernate.type.BasicTypeReference@22cb3d59
2025-03-29T14:52:56.163+01:00 DEBUG 36291 --- [e-handel] [           main] org.hibernate.type.BasicTypeRegistry     : Adding type registration char -> org.hibernate.type.BasicTypeReference@22cb3d59
2025-03-29T14:52:56.163+01:00 DEBUG 36291 --- [e-handel] [           main] org.hibernate.type.BasicTypeRegistry     : Adding type registration java.lang.Character -> org.hibernate.type.BasicTypeReference@22cb3d59
2025-03-29T14:52:56.163+01:00 DEBUG 36291 --- [e-handel] [           main] org.hibernate.type.BasicTypeRegistry     : Adding type registration character_nchar -> org.hibernate.type.BasicTypeReference@33e4b9c4
2025-03-29T14:52:56.164+01:00 DEBUG 36291 --- [e-handel] [           main] org.hibernate.type.BasicTypeRegistry     : Adding type registration string -> org.hibernate.type.BasicTypeReference@5cff729b
2025-03-29T14:52:56.164+01:00 DEBUG 36291 --- [e-handel] [           main] org.hibernate.type.BasicTypeRegistry     : Adding type registration java.lang.String -> org.hibernate.type.BasicTypeReference@5cff729b
2025-03-29T14:52:56.164+01:00 DEBUG 36291 --- [e-handel] [           main] org.hibernate.type.BasicTypeRegistry     : Adding type registration nstring -> org.hibernate.type.BasicTypeReference@10d18696
2025-03-29T14:52:56.164+01:00 DEBUG 36291 --- [e-handel] [           main] org.hibernate.type.BasicTypeRegistry     : Adding type registration characters -> org.hibernate.type.BasicTypeReference@6b8b5020
2025-03-29T14:52:56.164+01:00 DEBUG 36291 --- [e-handel] [           main] org.hibernate.type.BasicTypeRegistry     : Adding type registration char[] -> org.hibernate.type.BasicTypeReference@6b8b5020
2025-03-29T14:52:56.164+01:00 DEBUG 36291 --- [e-handel] [           main] org.hibernate.type.BasicTypeRegistry     : Adding type registration [C -> org.hibernate.type.BasicTypeReference@6b8b5020
2025-03-29T14:52:56.164+01:00 DEBUG 36291 --- [e-handel] [           main] org.hibernate.type.BasicTypeRegistry     : Adding type registration wrapper-characters -> org.hibernate.type.BasicTypeReference@7d37ee0c
2025-03-29T14:52:56.164+01:00 DEBUG 36291 --- [e-handel] [           main] org.hibernate.type.BasicTypeRegistry     : Adding type registration text -> org.hibernate.type.BasicTypeReference@5a7b309b
2025-03-29T14:52:56.164+01:00 DEBUG 36291 --- [e-handel] [           main] org.hibernate.type.BasicTypeRegistry     : Adding type registration ntext -> org.hibernate.type.BasicTypeReference@4602f874
2025-03-29T14:52:56.164+01:00 DEBUG 36291 --- [e-handel] [           main] org.hibernate.type.BasicTypeRegistry     : Adding type registration clob -> org.hibernate.type.BasicTypeReference@7739aac4
2025-03-29T14:52:56.164+01:00 DEBUG 36291 --- [e-handel] [           main] org.hibernate.type.BasicTypeRegistry     : Adding type registration java.sql.Clob -> org.hibernate.type.BasicTypeReference@7739aac4
2025-03-29T14:52:56.164+01:00 DEBUG 36291 --- [e-handel] [           main] org.hibernate.type.BasicTypeRegistry     : Adding type registration nclob -> org.hibernate.type.BasicTypeReference@353c6da1
2025-03-29T14:52:56.164+01:00 DEBUG 36291 --- [e-handel] [           main] org.hibernate.type.BasicTypeRegistry     : Adding type registration java.sql.NClob -> org.hibernate.type.BasicTypeReference@353c6da1
2025-03-29T14:52:56.164+01:00 DEBUG 36291 --- [e-handel] [           main] org.hibernate.type.BasicTypeRegistry     : Adding type registration materialized_clob -> org.hibernate.type.BasicTypeReference@36c07c75
2025-03-29T14:52:56.164+01:00 DEBUG 36291 --- [e-handel] [           main] org.hibernate.type.BasicTypeRegistry     : Adding type registration materialized_clob_char_array -> org.hibernate.type.BasicTypeReference@6750e381
2025-03-29T14:52:56.165+01:00 DEBUG 36291 --- [e-handel] [           main] org.hibernate.type.BasicTypeRegistry     : Adding type registration materialized_clob_character_array -> org.hibernate.type.BasicTypeReference@5d850a25
2025-03-29T14:52:56.165+01:00 DEBUG 36291 --- [e-handel] [           main] org.hibernate.type.BasicTypeRegistry     : Adding type registration materialized_nclob -> org.hibernate.type.BasicTypeReference@b022551
2025-03-29T14:52:56.165+01:00 DEBUG 36291 --- [e-handel] [           main] org.hibernate.type.BasicTypeRegistry     : Adding type registration materialized_nclob_character_array -> org.hibernate.type.BasicTypeReference@3e14d390
2025-03-29T14:52:56.165+01:00 DEBUG 36291 --- [e-handel] [           main] org.hibernate.type.BasicTypeRegistry     : Adding type registration materialized_nclob_char_array -> org.hibernate.type.BasicTypeReference@5eb87338
2025-03-29T14:52:56.165+01:00 DEBUG 36291 --- [e-handel] [           main] org.hibernate.type.BasicTypeRegistry     : Adding type registration Duration -> org.hibernate.type.BasicTypeReference@2b999ee8
2025-03-29T14:52:56.165+01:00 DEBUG 36291 --- [e-handel] [           main] org.hibernate.type.BasicTypeRegistry     : Adding type registration java.time.Duration -> org.hibernate.type.BasicTypeReference@2b999ee8
2025-03-29T14:52:56.165+01:00 DEBUG 36291 --- [e-handel] [           main] org.hibernate.type.BasicTypeRegistry     : Adding type registration LocalDateTime -> org.hibernate.type.BasicTypeReference@31ab1e67
2025-03-29T14:52:56.165+01:00 DEBUG 36291 --- [e-handel] [           main] org.hibernate.type.BasicTypeRegistry     : Adding type registration java.time.LocalDateTime -> org.hibernate.type.BasicTypeReference@31ab1e67
2025-03-29T14:52:56.165+01:00 DEBUG 36291 --- [e-handel] [           main] org.hibernate.type.BasicTypeRegistry     : Adding type registration LocalDate -> org.hibernate.type.BasicTypeReference@29bbc391
2025-03-29T14:52:56.165+01:00 DEBUG 36291 --- [e-handel] [           main] org.hibernate.type.BasicTypeRegistry     : Adding type registration java.time.LocalDate -> org.hibernate.type.BasicTypeReference@29bbc391
2025-03-29T14:52:56.165+01:00 DEBUG 36291 --- [e-handel] [           main] org.hibernate.type.BasicTypeRegistry     : Adding type registration LocalTime -> org.hibernate.type.BasicTypeReference@3487442d
2025-03-29T14:52:56.165+01:00 DEBUG 36291 --- [e-handel] [           main] org.hibernate.type.BasicTypeRegistry     : Adding type registration java.time.LocalTime -> org.hibernate.type.BasicTypeReference@3487442d
2025-03-29T14:52:56.165+01:00 DEBUG 36291 --- [e-handel] [           main] org.hibernate.type.BasicTypeRegistry     : Adding type registration OffsetDateTime -> org.hibernate.type.BasicTypeReference@530ee28b
2025-03-29T14:52:56.165+01:00 DEBUG 36291 --- [e-handel] [           main] org.hibernate.type.BasicTypeRegistry     : Adding type registration java.time.OffsetDateTime -> org.hibernate.type.BasicTypeReference@530ee28b
2025-03-29T14:52:56.165+01:00 DEBUG 36291 --- [e-handel] [           main] org.hibernate.type.BasicTypeRegistry     : Adding type registration OffsetDateTimeWithTimezone -> org.hibernate.type.BasicTypeReference@3a3f96ab
2025-03-29T14:52:56.165+01:00 DEBUG 36291 --- [e-handel] [           main] org.hibernate.type.BasicTypeRegistry     : Adding type registration OffsetDateTimeWithoutTimezone -> org.hibernate.type.BasicTypeReference@4def7d36
2025-03-29T14:52:56.165+01:00 DEBUG 36291 --- [e-handel] [           main] org.hibernate.type.BasicTypeRegistry     : Adding type registration OffsetTime -> org.hibernate.type.BasicTypeReference@43c7fe8a
2025-03-29T14:52:56.166+01:00 DEBUG 36291 --- [e-handel] [           main] org.hibernate.type.BasicTypeRegistry     : Adding type registration java.time.OffsetTime -> org.hibernate.type.BasicTypeReference@43c7fe8a
2025-03-29T14:52:56.166+01:00 DEBUG 36291 --- [e-handel] [           main] org.hibernate.type.BasicTypeRegistry     : Adding type registration OffsetTimeUtc -> org.hibernate.type.BasicTypeReference@21b51e59
2025-03-29T14:52:56.166+01:00 DEBUG 36291 --- [e-handel] [           main] org.hibernate.type.BasicTypeRegistry     : Adding type registration OffsetTimeWithTimezone -> org.hibernate.type.BasicTypeReference@1785d194
2025-03-29T14:52:56.166+01:00 DEBUG 36291 --- [e-handel] [           main] org.hibernate.type.BasicTypeRegistry     : Adding type registration OffsetTimeWithoutTimezone -> org.hibernate.type.BasicTypeReference@6b4a4e40
2025-03-29T14:52:56.166+01:00 DEBUG 36291 --- [e-handel] [           main] org.hibernate.type.BasicTypeRegistry     : Adding type registration ZonedDateTime -> org.hibernate.type.BasicTypeReference@46a8c2b4
2025-03-29T14:52:56.166+01:00 DEBUG 36291 --- [e-handel] [           main] org.hibernate.type.BasicTypeRegistry     : Adding type registration java.time.ZonedDateTime -> org.hibernate.type.BasicTypeReference@46a8c2b4
2025-03-29T14:52:56.166+01:00 DEBUG 36291 --- [e-handel] [           main] org.hibernate.type.BasicTypeRegistry     : Adding type registration ZonedDateTimeWithTimezone -> org.hibernate.type.BasicTypeReference@4f664bee
2025-03-29T14:52:56.166+01:00 DEBUG 36291 --- [e-handel] [           main] org.hibernate.type.BasicTypeRegistry     : Adding type registration ZonedDateTimeWithoutTimezone -> org.hibernate.type.BasicTypeReference@76563ae7
2025-03-29T14:52:56.166+01:00 DEBUG 36291 --- [e-handel] [           main] org.hibernate.type.BasicTypeRegistry     : Adding type registration date -> org.hibernate.type.BasicTypeReference@4fd74223
2025-03-29T14:52:56.166+01:00 DEBUG 36291 --- [e-handel] [           main] org.hibernate.type.BasicTypeRegistry     : Adding type registration java.sql.Date -> org.hibernate.type.BasicTypeReference@4fd74223
2025-03-29T14:52:56.171+01:00 DEBUG 36291 --- [e-handel] [           main] org.hibernate.type.BasicTypeRegistry     : Adding type registration time -> org.hibernate.type.BasicTypeReference@4fea840f
2025-03-29T14:52:56.171+01:00 DEBUG 36291 --- [e-handel] [           main] org.hibernate.type.BasicTypeRegistry     : Adding type registration java.sql.Time -> org.hibernate.type.BasicTypeReference@4fea840f
2025-03-29T14:52:56.172+01:00 DEBUG 36291 --- [e-handel] [           main] org.hibernate.type.BasicTypeRegistry     : Adding type registration timestamp -> org.hibernate.type.BasicTypeReference@32ae8f27
2025-03-29T14:52:56.172+01:00 DEBUG 36291 --- [e-handel] [           main] org.hibernate.type.BasicTypeRegistry     : Adding type registration java.sql.Timestamp -> org.hibernate.type.BasicTypeReference@32ae8f27
2025-03-29T14:52:56.172+01:00 DEBUG 36291 --- [e-handel] [           main] org.hibernate.type.BasicTypeRegistry     : Adding type registration java.util.Date -> org.hibernate.type.BasicTypeReference@32ae8f27
2025-03-29T14:52:56.172+01:00 DEBUG 36291 --- [e-handel] [           main] org.hibernate.type.BasicTypeRegistry     : Adding type registration calendar -> org.hibernate.type.BasicTypeReference@75e80a97
2025-03-29T14:52:56.172+01:00 DEBUG 36291 --- [e-handel] [           main] org.hibernate.type.BasicTypeRegistry     : Adding type registration java.util.Calendar -> org.hibernate.type.BasicTypeReference@75e80a97
2025-03-29T14:52:56.172+01:00 DEBUG 36291 --- [e-handel] [           main] org.hibernate.type.BasicTypeRegistry     : Adding type registration java.util.GregorianCalendar -> org.hibernate.type.BasicTypeReference@75e80a97
2025-03-29T14:52:56.172+01:00 DEBUG 36291 --- [e-handel] [           main] org.hibernate.type.BasicTypeRegistry     : Adding type registration calendar_date -> org.hibernate.type.BasicTypeReference@5b8853
2025-03-29T14:52:56.172+01:00 DEBUG 36291 --- [e-handel] [           main] org.hibernate.type.BasicTypeRegistry     : Adding type registration calendar_time -> org.hibernate.type.BasicTypeReference@1b8aaeab
2025-03-29T14:52:56.172+01:00 DEBUG 36291 --- [e-handel] [           main] org.hibernate.type.BasicTypeRegistry     : Adding type registration instant -> org.hibernate.type.BasicTypeReference@5d1bdd4a
2025-03-29T14:52:56.172+01:00 DEBUG 36291 --- [e-handel] [           main] org.hibernate.type.BasicTypeRegistry     : Adding type registration java.time.Instant -> org.hibernate.type.BasicTypeReference@5d1bdd4a
2025-03-29T14:52:56.172+01:00 DEBUG 36291 --- [e-handel] [           main] org.hibernate.type.BasicTypeRegistry     : Adding type registration uuid -> org.hibernate.type.BasicTypeReference@6812c8cc
2025-03-29T14:52:56.172+01:00 DEBUG 36291 --- [e-handel] [           main] org.hibernate.type.BasicTypeRegistry     : Adding type registration java.util.UUID -> org.hibernate.type.BasicTypeReference@6812c8cc
2025-03-29T14:52:56.172+01:00 DEBUG 36291 --- [e-handel] [           main] org.hibernate.type.BasicTypeRegistry     : Adding type registration pg-uuid -> org.hibernate.type.BasicTypeReference@6812c8cc
2025-03-29T14:52:56.172+01:00 DEBUG 36291 --- [e-handel] [           main] org.hibernate.type.BasicTypeRegistry     : Adding type registration uuid-binary -> org.hibernate.type.BasicTypeReference@3457cc8d
2025-03-29T14:52:56.172+01:00 DEBUG 36291 --- [e-handel] [           main] org.hibernate.type.BasicTypeRegistry     : Adding type registration uuid-char -> org.hibernate.type.BasicTypeReference@7a66c35a
2025-03-29T14:52:56.172+01:00 DEBUG 36291 --- [e-handel] [           main] org.hibernate.type.BasicTypeRegistry     : Adding type registration class -> org.hibernate.type.BasicTypeReference@7994a0d1
2025-03-29T14:52:56.172+01:00 DEBUG 36291 --- [e-handel] [           main] org.hibernate.type.BasicTypeRegistry     : Adding type registration java.lang.Class -> org.hibernate.type.BasicTypeReference@7994a0d1
2025-03-29T14:52:56.172+01:00 DEBUG 36291 --- [e-handel] [           main] org.hibernate.type.BasicTypeRegistry     : Adding type registration currency -> org.hibernate.type.BasicTypeReference@73e4387
2025-03-29T14:52:56.173+01:00 DEBUG 36291 --- [e-handel] [           main] org.hibernate.type.BasicTypeRegistry     : Adding type registration Currency -> org.hibernate.type.BasicTypeReference@73e4387
2025-03-29T14:52:56.173+01:00 DEBUG 36291 --- [e-handel] [           main] org.hibernate.type.BasicTypeRegistry     : Adding type registration java.util.Currency -> org.hibernate.type.BasicTypeReference@73e4387
2025-03-29T14:52:56.173+01:00 DEBUG 36291 --- [e-handel] [           main] org.hibernate.type.BasicTypeRegistry     : Adding type registration locale -> org.hibernate.type.BasicTypeReference@d87d449
2025-03-29T14:52:56.173+01:00 DEBUG 36291 --- [e-handel] [           main] org.hibernate.type.BasicTypeRegistry     : Adding type registration java.util.Locale -> org.hibernate.type.BasicTypeReference@d87d449
2025-03-29T14:52:56.173+01:00 DEBUG 36291 --- [e-handel] [           main] org.hibernate.type.BasicTypeRegistry     : Adding type registration serializable -> org.hibernate.type.BasicTypeReference@4137aab0
2025-03-29T14:52:56.173+01:00 DEBUG 36291 --- [e-handel] [           main] org.hibernate.type.BasicTypeRegistry     : Adding type registration java.io.Serializable -> org.hibernate.type.BasicTypeReference@4137aab0
2025-03-29T14:52:56.173+01:00 DEBUG 36291 --- [e-handel] [           main] org.hibernate.type.BasicTypeRegistry     : Adding type registration timezone -> org.hibernate.type.BasicTypeReference@1df9186f
2025-03-29T14:52:56.173+01:00 DEBUG 36291 --- [e-handel] [           main] org.hibernate.type.BasicTypeRegistry     : Adding type registration java.util.TimeZone -> org.hibernate.type.BasicTypeReference@1df9186f
2025-03-29T14:52:56.173+01:00 DEBUG 36291 --- [e-handel] [           main] org.hibernate.type.BasicTypeRegistry     : Adding type registration ZoneOffset -> org.hibernate.type.BasicTypeReference@682e422c
2025-03-29T14:52:56.173+01:00 DEBUG 36291 --- [e-handel] [           main] org.hibernate.type.BasicTypeRegistry     : Adding type registration java.time.ZoneOffset -> org.hibernate.type.BasicTypeReference@682e422c
2025-03-29T14:52:56.173+01:00 DEBUG 36291 --- [e-handel] [           main] org.hibernate.type.BasicTypeRegistry     : Adding type registration url -> org.hibernate.type.BasicTypeReference@5bb8e6fc
2025-03-29T14:52:56.173+01:00 DEBUG 36291 --- [e-handel] [           main] org.hibernate.type.BasicTypeRegistry     : Adding type registration java.net.URL -> org.hibernate.type.BasicTypeReference@5bb8e6fc
2025-03-29T14:52:56.173+01:00 DEBUG 36291 --- [e-handel] [           main] org.hibernate.type.BasicTypeRegistry     : Adding type registration row_version -> org.hibernate.type.BasicTypeReference@2726a511
2025-03-29T14:52:56.176+01:00 DEBUG 36291 --- [e-handel] [           main] org.hibernate.type.BasicTypeRegistry     : Adding type registration object -> org.hibernate.type.JavaObjectType@5ea7bc4
2025-03-29T14:52:56.176+01:00 DEBUG 36291 --- [e-handel] [           main] org.hibernate.type.BasicTypeRegistry     : Adding type registration java.lang.Object -> org.hibernate.type.JavaObjectType@5ea7bc4
2025-03-29T14:52:56.177+01:00 DEBUG 36291 --- [e-handel] [           main] org.hibernate.type.BasicTypeRegistry     : Adding type registration null -> org.hibernate.type.NullType@3c18942
2025-03-29T14:52:56.177+01:00 DEBUG 36291 --- [e-handel] [           main] org.hibernate.type.BasicTypeRegistry     : Adding type registration imm_date -> org.hibernate.type.BasicTypeReference@743c3520
2025-03-29T14:52:56.177+01:00 DEBUG 36291 --- [e-handel] [           main] org.hibernate.type.BasicTypeRegistry     : Adding type registration imm_time -> org.hibernate.type.BasicTypeReference@6842c101
2025-03-29T14:52:56.177+01:00 DEBUG 36291 --- [e-handel] [           main] org.hibernate.type.BasicTypeRegistry     : Adding type registration imm_timestamp -> org.hibernate.type.BasicTypeReference@234cd86c
2025-03-29T14:52:56.177+01:00 DEBUG 36291 --- [e-handel] [           main] org.hibernate.type.BasicTypeRegistry     : Adding type registration imm_calendar -> org.hibernate.type.BasicTypeReference@2c48cede
2025-03-29T14:52:56.177+01:00 DEBUG 36291 --- [e-handel] [           main] org.hibernate.type.BasicTypeRegistry     : Adding type registration imm_calendar_date -> org.hibernate.type.BasicTypeReference@39c87b42
2025-03-29T14:52:56.177+01:00 DEBUG 36291 --- [e-handel] [           main] org.hibernate.type.BasicTypeRegistry     : Adding type registration imm_calendar_time -> org.hibernate.type.BasicTypeReference@47fcefb3
2025-03-29T14:52:56.177+01:00 DEBUG 36291 --- [e-handel] [           main] org.hibernate.type.BasicTypeRegistry     : Adding type registration imm_binary -> org.hibernate.type.BasicTypeReference@236c098
2025-03-29T14:52:56.178+01:00 DEBUG 36291 --- [e-handel] [           main] org.hibernate.type.BasicTypeRegistry     : Adding type registration imm_serializable -> org.hibernate.type.BasicTypeReference@68e2d03e
2025-03-29T14:52:56.179+01:00 TRACE 36291 --- [e-handel] [           main] o.h.q.sqm.function.SqmFunctionRegistry   : SqmFunctionRegistry created
2025-03-29T14:52:56.179+01:00 TRACE 36291 --- [e-handel] [           main] o.h.s.i.AbstractServiceRegistryImpl      : Initializing service [role=org.hibernate.boot.cfgxml.spi.CfgXmlAccessService]
2025-03-29T14:52:56.182+01:00 DEBUG 36291 --- [e-handel] [           main] o.h.boot.internal.BootstrapContextImpl   : Injecting JPA temp ClassLoader [org.springframework.instrument.classloading.SimpleThrowawayClassLoader@794240e2] into BootstrapContext; was [null]
2025-03-29T14:52:56.182+01:00 DEBUG 36291 --- [e-handel] [           main] o.h.boot.internal.ClassLoaderAccessImpl  : ClassLoaderAccessImpl#injectTempClassLoader(org.springframework.instrument.classloading.SimpleThrowawayClassLoader@794240e2) [was null]
2025-03-29T14:52:56.182+01:00 DEBUG 36291 --- [e-handel] [           main] o.h.boot.internal.BootstrapContextImpl   : Injecting ScanEnvironment [org.hibernate.jpa.boot.internal.StandardJpaScanEnvironmentImpl@111cba40] into BootstrapContext; was [null]
2025-03-29T14:52:56.182+01:00 DEBUG 36291 --- [e-handel] [           main] o.h.boot.internal.BootstrapContextImpl   : Injecting ScanOptions [org.hibernate.boot.archive.scan.internal.StandardScanOptions@48e41b5d] into BootstrapContext; was [org.hibernate.boot.archive.scan.internal.StandardScanOptions@51e8d066]
2025-03-29T14:52:56.189+01:00  INFO 36291 --- [e-handel] [           main] o.h.b.i.BytecodeProviderInitiator        : HHH000021: Bytecode provider name : bytebuddy
2025-03-29T14:52:56.240+01:00  INFO 36291 --- [e-handel] [           main] o.s.o.j.p.SpringPersistenceUnitInfo      : No LoadTimeWeaver setup: ignoring JPA class transformer
2025-03-29T14:52:56.240+01:00 DEBUG 36291 --- [e-handel] [           main] o.h.boot.internal.BootstrapContextImpl   : Injecting JPA temp ClassLoader [null] into BootstrapContext; was [org.springframework.instrument.classloading.SimpleThrowawayClassLoader@794240e2]
2025-03-29T14:52:56.240+01:00 DEBUG 36291 --- [e-handel] [           main] o.h.boot.internal.ClassLoaderAccessImpl  : ClassLoaderAccessImpl#injectTempClassLoader(null) [was org.springframework.instrument.classloading.SimpleThrowawayClassLoader@794240e2]
2025-03-29T14:52:56.245+01:00 TRACE 36291 --- [e-handel] [           main] o.h.s.i.AbstractServiceRegistryImpl      : Initializing service [role=org.hibernate.engine.jdbc.env.spi.JdbcEnvironment]
2025-03-29T14:52:56.245+01:00 TRACE 36291 --- [e-handel] [           main] o.h.s.i.AbstractServiceRegistryImpl      : Initializing service [role=org.hibernate.engine.jdbc.dialect.spi.DialectFactory]
2025-03-29T14:52:56.246+01:00 TRACE 36291 --- [e-handel] [           main] o.h.s.i.AbstractServiceRegistryImpl      : Initializing service [role=org.hibernate.engine.jdbc.dialect.spi.DialectResolver]
2025-03-29T14:52:56.248+01:00 TRACE 36291 --- [e-handel] [           main] o.h.s.i.AbstractServiceRegistryImpl      : Initializing service [role=org.hibernate.engine.jdbc.connections.spi.MultiTenantConnectionProvider]
2025-03-29T14:52:56.248+01:00 TRACE 36291 --- [e-handel] [           main] o.h.s.i.AbstractServiceRegistryImpl      : Initializing service [role=org.hibernate.engine.jdbc.connections.spi.ConnectionProvider]
2025-03-29T14:52:56.248+01:00 TRACE 36291 --- [e-handel] [           main] o.h.s.i.AbstractServiceRegistryImpl      : Initializing service [role=org.hibernate.engine.jdbc.connections.spi.MultiTenantConnectionProvider]
2025-03-29T14:52:56.249+01:00 TRACE 36291 --- [e-handel] [           main] o.h.s.i.AbstractServiceRegistryImpl      : Initializing service [role=org.hibernate.engine.jndi.spi.JndiService]
2025-03-29T14:52:56.250+01:00  INFO 36291 --- [e-handel] [           main] com.zaxxer.hikari.HikariDataSource       : HikariPool-1 - Starting...
2025-03-29T14:52:56.593+01:00  INFO 36291 --- [e-handel] [           main] com.zaxxer.hikari.pool.HikariPool        : HikariPool-1 - Added connection com.mysql.cj.jdbc.ConnectionImpl@671da0f9
2025-03-29T14:52:56.593+01:00  INFO 36291 --- [e-handel] [           main] com.zaxxer.hikari.HikariDataSource       : HikariPool-1 - Start completed.
2025-03-29T14:52:56.597+01:00 DEBUG 36291 --- [e-handel] [           main] o.h.e.j.e.i.JdbcEnvironmentInitiator     : Database ->
       name : MySQL
    version : 8.0.40
      major : 8
      minor : 0
2025-03-29T14:52:56.597+01:00 DEBUG 36291 --- [e-handel] [           main] o.h.e.j.e.i.JdbcEnvironmentInitiator     : Driver ->
       name : MySQL Connector/J
    version : mysql-connector-j-9.1.0 (Revision: cf2917ea44ae2e43a4514a33771035aa99de73bf)
      major : 9
      minor : 1
2025-03-29T14:52:56.597+01:00 DEBUG 36291 --- [e-handel] [           main] o.h.e.j.e.i.JdbcEnvironmentInitiator     : JDBC version : 4.2
2025-03-29T14:52:56.642+01:00  INFO 36291 --- [e-handel] [           main] SQL dialect                              : HHH000400: Using dialect: org.hibernate.dialect.MySQLDialect
2025-03-29T14:52:56.645+01:00 DEBUG 36291 --- [e-handel] [           main] o.h.e.j.env.spi.IdentifierHelperBuilder  : JDBC driver metadata reported database stores quoted identifiers in more than one case
2025-03-29T14:52:56.645+01:00 DEBUG 36291 --- [e-handel] [           main] o.h.e.j.env.spi.IdentifierHelperBuilder  : IdentifierCaseStrategy for both quoted and unquoted identifiers was set to the same strategy [MIXED]; that will likely lead to problems in schema update and validation if using quoted identifiers
2025-03-29T14:52:56.646+01:00 TRACE 36291 --- [e-handel] [           main] .e.j.e.i.NormalizingIdentifierHelperImpl : Normalizing identifier quoting [productsdb]
2025-03-29T14:52:56.646+01:00 TRACE 36291 --- [e-handel] [           main] .e.j.e.i.NormalizingIdentifierHelperImpl : Normalizing identifier quoting [null]
2025-03-29T14:52:56.652+01:00 TRACE 36291 --- [e-handel] [           main] o.h.s.i.AbstractServiceRegistryImpl      : Initializing service [role=org.hibernate.engine.jdbc.spi.JdbcServices]
2025-03-29T14:52:56.656+01:00 DEBUG 36291 --- [e-handel] [           main] o.h.t.d.sql.spi.DdlTypeRegistry          : addDescriptor(12, org.hibernate.type.descriptor.sql.internal.CapacityDependentDdlType@1328f482) replaced previous registration(org.hibernate.type.descriptor.sql.internal.CapacityDependentDdlType@7b8b07ae)
2025-03-29T14:52:56.656+01:00 DEBUG 36291 --- [e-handel] [           main] o.h.t.d.sql.spi.DdlTypeRegistry          : addDescriptor(-9, org.hibernate.type.descriptor.sql.internal.CapacityDependentDdlType@19ec5357) replaced previous registration(org.hibernate.type.descriptor.sql.internal.CapacityDependentDdlType@351d93bd)
2025-03-29T14:52:56.656+01:00 DEBUG 36291 --- [e-handel] [           main] o.h.t.d.sql.spi.DdlTypeRegistry          : addDescriptor(-3, org.hibernate.type.descriptor.sql.internal.CapacityDependentDdlType@61c5fd78) replaced previous registration(org.hibernate.type.descriptor.sql.internal.CapacityDependentDdlType@42503099)
2025-03-29T14:52:56.656+01:00 DEBUG 36291 --- [e-handel] [           main] o.h.t.d.sql.spi.DdlTypeRegistry          : addDescriptor(4003, org.hibernate.type.descriptor.sql.internal.DdlTypeImpl@39dda56f) replaced previous registration(org.hibernate.type.descriptor.sql.internal.DdlTypeImpl@60844992)
2025-03-29T14:52:56.657+01:00 DEBUG 36291 --- [e-handel] [           main] o.h.t.d.sql.spi.DdlTypeRegistry          : addDescriptor(4001, org.hibernate.type.descriptor.sql.internal.DdlTypeImpl@2ee456c7) replaced previous registration(org.hibernate.type.descriptor.sql.internal.DdlTypeImpl@6df37f7a)
2025-03-29T14:52:56.657+01:00 DEBUG 36291 --- [e-handel] [           main] o.h.t.d.sql.spi.DdlTypeRegistry          : addDescriptor(4002, org.hibernate.type.descriptor.sql.internal.DdlTypeImpl@39514976) replaced previous registration(org.hibernate.type.descriptor.sql.internal.DdlTypeImpl@7bdb4f17)
2025-03-29T14:52:56.657+01:00 DEBUG 36291 --- [e-handel] [           main] o.h.t.d.sql.spi.DdlTypeRegistry          : addDescriptor(2004, org.hibernate.type.descriptor.sql.internal.CapacityDependentDdlType@77856cc5) replaced previous registration(org.hibernate.type.descriptor.sql.internal.DdlTypeImpl@1fbd5e0)
2025-03-29T14:52:56.657+01:00 DEBUG 36291 --- [e-handel] [           main] o.h.t.d.sql.spi.DdlTypeRegistry          : addDescriptor(2005, org.hibernate.type.descriptor.sql.internal.CapacityDependentDdlType@32d22650) replaced previous registration(org.hibernate.type.descriptor.sql.internal.DdlTypeImpl@135064ea)
2025-03-29T14:52:56.657+01:00 DEBUG 36291 --- [e-handel] [           main] o.h.t.d.sql.spi.DdlTypeRegistry          : addDescriptor(2011, org.hibernate.type.descriptor.sql.internal.CapacityDependentDdlType@4f6fd101) replaced previous registration(org.hibernate.type.descriptor.sql.internal.DdlTypeImpl@106459d9)
2025-03-29T14:52:56.657+01:00 DEBUG 36291 --- [e-handel] [           main] o.h.t.d.jdbc.spi.JdbcTypeRegistry        : addDescriptor(NCharTypeDescriptor) replaced previous registration(CharTypeDescriptor)
2025-03-29T14:52:56.657+01:00 DEBUG 36291 --- [e-handel] [           main] o.h.t.d.jdbc.spi.JdbcTypeRegistry        : addDescriptor(NVarcharTypeDescriptor) replaced previous registration(VarcharTypeDescriptor)
2025-03-29T14:52:56.658+01:00 DEBUG 36291 --- [e-handel] [           main] o.h.t.d.jdbc.spi.JdbcTypeRegistry        : addDescriptor(LongNVarcharTypeDescriptor) replaced previous registration(LongVarcharTypeDescriptor)
2025-03-29T14:52:56.658+01:00 DEBUG 36291 --- [e-handel] [           main] o.h.t.d.jdbc.spi.JdbcTypeRegistry        : addDescriptor(NClobTypeDescriptor(DEFAULT)) replaced previous registration(ClobTypeDescriptor(DEFAULT))
2025-03-29T14:52:56.658+01:00 DEBUG 36291 --- [e-handel] [           main] o.h.t.d.jdbc.spi.JdbcTypeRegistry        : addDescriptor(2005, ClobTypeDescriptor(STREAM_BINDING)) replaced previous registration(ClobTypeDescriptor(DEFAULT))
2025-03-29T14:52:56.661+01:00 DEBUG 36291 --- [e-handel] [           main] org.hibernate.type.BasicTypeRegistry     : Adding type registration null -> org.hibernate.type.NullType@4ec0229c
2025-03-29T14:52:56.661+01:00 DEBUG 36291 --- [e-handel] [           main] org.hibernate.type.BasicTypeRegistry     : Type registration key [null] overrode previous entry : `org.hibernate.type.NullType@3c18942`
2025-03-29T14:52:56.664+01:00 DEBUG 36291 --- [e-handel] [           main] org.hibernate.type.BasicTypeRegistry     : Adding type registration org.hibernate.type.OffsetDateTimeType -> basicType@1(java.time.OffsetDateTime,3003)
2025-03-29T14:52:56.664+01:00 DEBUG 36291 --- [e-handel] [           main] org.hibernate.type.BasicTypeRegistry     : Adding type registration OffsetDateTime -> basicType@1(java.time.OffsetDateTime,3003)
2025-03-29T14:52:56.664+01:00 DEBUG 36291 --- [e-handel] [           main] org.hibernate.type.BasicTypeRegistry     : Adding type registration java.time.OffsetDateTime -> basicType@1(java.time.OffsetDateTime,3003)
2025-03-29T14:52:56.664+01:00 DEBUG 36291 --- [e-handel] [           main] org.hibernate.type.BasicTypeRegistry     : Adding type registration org.hibernate.type.ZonedDateTimeType -> basicType@2(java.time.ZonedDateTime,3003)
2025-03-29T14:52:56.664+01:00 DEBUG 36291 --- [e-handel] [           main] org.hibernate.type.BasicTypeRegistry     : Adding type registration ZonedDateTime -> basicType@2(java.time.ZonedDateTime,3003)
2025-03-29T14:52:56.664+01:00 DEBUG 36291 --- [e-handel] [           main] org.hibernate.type.BasicTypeRegistry     : Adding type registration java.time.ZonedDateTime -> basicType@2(java.time.ZonedDateTime,3003)
2025-03-29T14:52:56.664+01:00 DEBUG 36291 --- [e-handel] [           main] org.hibernate.type.BasicTypeRegistry     : Adding type registration org.hibernate.type.OffsetTimeType -> basicType@3(java.time.OffsetTime,3007)
2025-03-29T14:52:56.664+01:00 DEBUG 36291 --- [e-handel] [           main] org.hibernate.type.BasicTypeRegistry     : Adding type registration OffsetTime -> basicType@3(java.time.OffsetTime,3007)
2025-03-29T14:52:56.664+01:00 DEBUG 36291 --- [e-handel] [           main] org.hibernate.type.BasicTypeRegistry     : Adding type registration java.time.OffsetTime -> basicType@3(java.time.OffsetTime,3007)
2025-03-29T14:52:56.664+01:00 DEBUG 36291 --- [e-handel] [           main] o.h.type.spi.TypeConfiguration$Scope     : Scoping TypeConfiguration [org.hibernate.type.spi.TypeConfiguration@70777a65] to MetadataBuildingContext [org.hibernate.boot.internal.MetadataBuildingContextRootImpl@236fd411]
2025-03-29T14:52:56.682+01:00 DEBUG 36291 --- [e-handel] [           main] o.h.boot.model.relational.Namespace      : Created database namespace [logicalName=Name{catalog=null, schema=null}, physicalName=Name{catalog=null, schema=null}]
2025-03-29T14:52:56.691+01:00 DEBUG 36291 --- [e-handel] [           main] o.h.boot.model.internal.EntityBinder     : Binding entity from annotated class: com.e_handel.entity.Product
2025-03-29T14:52:56.693+01:00 DEBUG 36291 --- [e-handel] [           main] o.h.boot.model.internal.EntityBinder     : Import with entity name Product
2025-03-29T14:52:56.693+01:00 TRACE 36291 --- [e-handel] [           main] o.h.b.i.InFlightMetadataCollectorImpl    : Import: Product -> com.e_handel.entity.Product
2025-03-29T14:52:56.693+01:00 TRACE 36291 --- [e-handel] [           main] o.h.b.i.InFlightMetadataCollectorImpl    : Import: com.e_handel.entity.Product -> com.e_handel.entity.Product
2025-03-29T14:52:56.694+01:00 TRACE 36291 --- [e-handel] [           main] .e.j.e.i.NormalizingIdentifierHelperImpl : Normalizing identifier quoting [products]
2025-03-29T14:52:56.694+01:00 TRACE 36291 --- [e-handel] [           main] .e.j.e.i.NormalizingIdentifierHelperImpl : Normalizing identifier quoting [products]
2025-03-29T14:52:56.695+01:00 DEBUG 36291 --- [e-handel] [           main] o.h.boot.model.internal.EntityBinder     : Bind entity com.e_handel.entity.Product on table products
2025-03-29T14:52:56.698+01:00 TRACE 36291 --- [e-handel] [           main] .e.j.e.i.NormalizingIdentifierHelperImpl : Normalizing identifier quoting [DTYPE]
2025-03-29T14:52:56.698+01:00 DEBUG 36291 --- [e-handel] [           main] o.h.boot.model.internal.AnnotatedColumn  : Binding column: AnnotatedDiscriminatorColumn(column='DTYPE')
2025-03-29T14:52:56.702+01:00 TRACE 36291 --- [e-handel] [           main] o.h.boot.model.internal.PropertyBinder   : Processing annotations of com.e_handel.entity.Product.id
2025-03-29T14:52:56.704+01:00 TRACE 36291 --- [e-handel] [           main] .e.j.e.i.NormalizingIdentifierHelperImpl : Normalizing identifier quoting [id]
2025-03-29T14:52:56.704+01:00 TRACE 36291 --- [e-handel] [           main] .e.j.e.i.NormalizingIdentifierHelperImpl : Normalizing identifier quoting [id]
2025-03-29T14:52:56.704+01:00 DEBUG 36291 --- [e-handel] [           main] o.h.boot.model.internal.AnnotatedColumn  : Binding column: AnnotatedColumn()
2025-03-29T14:52:56.704+01:00 DEBUG 36291 --- [e-handel] [           main] o.h.boot.internal.ClassLoaderAccessImpl  : Not known whether passed class name [com.e_handel.entity.Product] is safe
2025-03-29T14:52:56.704+01:00 DEBUG 36291 --- [e-handel] [           main] o.h.boot.internal.ClassLoaderAccessImpl  : No temp ClassLoader provided; using live ClassLoader for loading potentially unsafe class : com.e_handel.entity.Product
2025-03-29T14:52:56.705+01:00 DEBUG 36291 --- [e-handel] [           main] o.h.boot.model.internal.PropertyBinder   : MetadataSourceProcessor property id with lazy=false
2025-03-29T14:52:56.707+01:00 DEBUG 36291 --- [e-handel] [           main] o.h.b.m.internal.AbstractPropertyHolder  : Attempting to locate auto-apply AttributeConverter for property [com.e_handel.entity.Product:id]
2025-03-29T14:52:56.708+01:00 DEBUG 36291 --- [e-handel] [           main] o.h.b.model.internal.BasicValueBinder    : building BasicValue for id
2025-03-29T14:52:56.709+01:00 DEBUG 36291 --- [e-handel] [           main] org.hibernate.mapping.BasicValue         : Skipping column re-registration: products.id
2025-03-29T14:52:56.710+01:00 TRACE 36291 --- [e-handel] [           main] .e.j.e.i.NormalizingIdentifierHelperImpl : Normalizing identifier quoting [id]
2025-03-29T14:52:56.710+01:00 TRACE 36291 --- [e-handel] [           main] .e.j.e.i.NormalizingIdentifierHelperImpl : Normalizing identifier quoting [id]
2025-03-29T14:52:56.710+01:00 TRACE 36291 --- [e-handel] [           main] .e.j.e.i.NormalizingIdentifierHelperImpl : Normalizing identifier quoting [id]
2025-03-29T14:52:56.710+01:00 DEBUG 36291 --- [e-handel] [           main] o.h.boot.model.internal.PropertyBinder   : Building property id
2025-03-29T14:52:56.710+01:00 TRACE 36291 --- [e-handel] [           main] o.h.boot.model.internal.PropertyBinder   : Cascading id with null
2025-03-29T14:52:56.711+01:00 DEBUG 36291 --- [e-handel] [           main] o.h.boot.model.internal.BinderHelper     : #makeIdGenerator(BasicValue([Column(id)]), id, identity, , ...)
2025-03-29T14:52:56.711+01:00 TRACE 36291 --- [e-handel] [           main] o.h.boot.model.internal.PropertyBinder   : Bind @Id on id
2025-03-29T14:52:56.711+01:00 TRACE 36291 --- [e-handel] [           main] o.h.boot.model.internal.PropertyBinder   : Processing annotations of com.e_handel.entity.Product.category
2025-03-29T14:52:56.711+01:00 TRACE 36291 --- [e-handel] [           main] .e.j.e.i.NormalizingIdentifierHelperImpl : Normalizing identifier quoting [category]
2025-03-29T14:52:56.711+01:00 TRACE 36291 --- [e-handel] [           main] .e.j.e.i.NormalizingIdentifierHelperImpl : Normalizing identifier quoting [category]
2025-03-29T14:52:56.711+01:00 DEBUG 36291 --- [e-handel] [           main] o.h.boot.model.internal.AnnotatedColumn  : Binding column: AnnotatedColumn()
2025-03-29T14:52:56.712+01:00 DEBUG 36291 --- [e-handel] [           main] o.h.boot.model.internal.PropertyBinder   : MetadataSourceProcessor property category with lazy=false
2025-03-29T14:52:56.712+01:00 DEBUG 36291 --- [e-handel] [           main] o.h.b.m.internal.AbstractPropertyHolder  : Attempting to locate auto-apply AttributeConverter for property [com.e_handel.entity.Product:category]
2025-03-29T14:52:56.712+01:00 DEBUG 36291 --- [e-handel] [           main] o.h.b.model.internal.BasicValueBinder    : building BasicValue for category
2025-03-29T14:52:56.712+01:00 DEBUG 36291 --- [e-handel] [           main] org.hibernate.mapping.BasicValue         : Skipping column re-registration: products.category
2025-03-29T14:52:56.712+01:00 TRACE 36291 --- [e-handel] [           main] .e.j.e.i.NormalizingIdentifierHelperImpl : Normalizing identifier quoting [category]
[...]

   RSocketSecurityAutoConfiguration:
      Did not match:
         - @ConditionalOnClass did not find required class 'org.springframework.security.rsocket.core.SecuritySocketAcceptorInterceptor' (OnClassCondition)

   RSocketServerAutoConfiguration:
      Did not match:
         - @ConditionalOnClass did not find required class 'io.rsocket.core.RSocketServer' (OnClassCondition)

   RSocketStrategiesAutoConfiguration:
      Did not match:
         - @ConditionalOnClass did not find required class 'io.rsocket.RSocket' (OnClassCondition)

   RabbitAutoConfiguration:
      Did not match:
         - @ConditionalOnClass did not find required class 'com.rabbitmq.client.Channel' (OnClassCondition)

   ReactiveElasticsearchClientAutoConfiguration:
      Did not match:
         - @ConditionalOnClass did not find required class 'co.elastic.clients.transport.ElasticsearchTransport' (OnClassCondition)

   ReactiveElasticsearchRepositoriesAutoConfiguration:
      Did not match:
         - @ConditionalOnClass did not find required class 'org.springframework.data.elasticsearch.client.elc.ReactiveElasticsearchClient' (OnClassCondition)

   ReactiveMultipartAutoConfiguration:
      Did not match:
         - not a reactive web application (OnWebApplicationCondition)
      Matched:
         - @ConditionalOnClass found required classes 'org.springframework.http.codec.multipart.DefaultPartHttpMessageReader', 'org.springframework.web.reactive.config.WebFluxConfigurer' (OnClassCondition)

   ReactiveOAuth2ClientAutoConfiguration:
      Did not match:
         - @ConditionalOnClass did not find required class 'org.springframework.security.config.annotation.web.reactive.EnableWebFluxSecurity' (OnClassCondition)

   ReactiveOAuth2ResourceServerAutoConfiguration:
      Did not match:
         - @ConditionalOnClass did not find required class 'org.springframework.security.config.annotation.web.reactive.EnableWebFluxSecurity' (OnClassCondition)

   ReactiveSecurityAutoConfiguration:
      Did not match:
         - @ConditionalOnClass did not find required class 'org.springframework.security.config.annotation.web.reactive.EnableWebFluxSecurity' (OnClassCondition)

   ReactiveUserDetailsServiceAutoConfiguration:
      Did not match:
         - @ConditionalOnClass did not find required class 'org.springframework.security.authentication.ReactiveAuthenticationManager' (OnClassCondition)

   ReactiveWebServerFactoryAutoConfiguration:
      Did not match:
         - not a reactive web application (OnWebApplicationCondition)
      Matched:
         - @ConditionalOnClass found required class 'org.springframework.http.ReactiveHttpInputMessage' (OnClassCondition)

   RedisAutoConfiguration:
      Did not match:
         - @ConditionalOnClass did not find required class 'org.springframework.data.redis.core.RedisOperations' (OnClassCondition)

   RedisCacheConfiguration:
      Did not match:
         - @ConditionalOnClass did not find required class 'org.springframework.data.redis.connection.RedisConnectionFactory' (OnClassCondition)

   RedisReactiveAutoConfiguration:
      Did not match:
         - @ConditionalOnClass did not find required class 'org.springframework.data.redis.connection.ReactiveRedisConnectionFactory' (OnClassCondition)

   RedisRepositoriesAutoConfiguration:
      Did not match:
         - @ConditionalOnClass did not find required class 'org.springframework.data.redis.repository.configuration.EnableRedisRepositories' (OnClassCondition)

   RepositoryRestMvcAutoConfiguration:
      Did not match:
         - @ConditionalOnClass did not find required class 'org.springframework.data.rest.webmvc.config.RepositoryRestMvcConfiguration' (OnClassCondition)

   Saml2RelyingPartyAutoConfiguration:
      Did not match:
         - @ConditionalOnClass did not find required class 'org.springframework.security.saml2.provider.service.registration.RelyingPartyRegistrationRepository' (OnClassCondition)

   SecurityAutoConfiguration:
      Did not match:
         - @ConditionalOnClass did not find required class 'org.springframework.security.authentication.DefaultAuthenticationEventPublisher' (OnClassCondition)

   SecurityFilterAutoConfiguration:
      Did not match:
         - @ConditionalOnClass did not find required class 'org.springframework.security.config.http.SessionCreationPolicy' (OnClassCondition)

   SendGridAutoConfiguration:
      Did not match:
         - @ConditionalOnClass did not find required class 'com.sendgrid.SendGrid' (OnClassCondition)

   ServletWebServerFactoryAutoConfiguration.ForwardedHeaderFilterConfiguration:
      Did not match:
         - @ConditionalOnProperty (server.forward-headers-strategy=framework) did not find property 'server.forward-headers-strategy' (OnPropertyCondition)

   ServletWebServerFactoryConfiguration.EmbeddedJetty:
      Did not match:
         - @ConditionalOnClass did not find required classes 'org.eclipse.jetty.server.Server', 'org.eclipse.jetty.util.Loader', 'org.eclipse.jetty.ee10.webapp.WebAppContext' (OnClassCondition)

   ServletWebServerFactoryConfiguration.EmbeddedUndertow:
      Did not match:
         - @ConditionalOnClass did not find required classes 'io.undertow.Undertow', 'org.xnio.SslClientAuthMode' (OnClassCondition)

   SessionAutoConfiguration:
      Did not match:
         - @ConditionalOnClass did not find required class 'org.springframework.session.Session' (OnClassCondition)

   SpringApplicationAdminJmxAutoConfiguration:
      Did not match:
         - @ConditionalOnProperty (spring.application.admin.enabled=true) did not find property 'enabled' (OnPropertyCondition)

   TaskExecutorConfigurations.SimpleAsyncTaskExecutorBuilderConfiguration#simpleAsyncTaskExecutorBuilderVirtualThreads:
      Did not match:
         - @ConditionalOnMissingBean (types: org.springframework.boot.task.SimpleAsyncTaskExecutorBuilder; SearchStrategy: all) found beans of type 'org.springframework.boot.task.SimpleAsyncTaskExecutorBuilder' simpleAsyncTaskExecutorBuilder (OnBeanCondition)

   TaskExecutorConfigurations.TaskExecutorConfiguration#applicationTaskExecutorVirtualThreads:
      Did not match:
         - @ConditionalOnThreading did not find VIRTUAL (OnThreadingCondition)

   TaskSchedulingAutoConfiguration#scheduledBeanLazyInitializationExcludeFilter:
      Did not match:
         - @ConditionalOnBean (names: org.springframework.context.annotation.internalScheduledAnnotationProcessor; SearchStrategy: all) did not find any beans named org.springframework.context.annotation.internalScheduledAnnotationProcessor (OnBeanCondition)

   TaskSchedulingConfigurations.SimpleAsyncTaskSchedulerBuilderConfiguration#simpleAsyncTaskSchedulerBuilderVirtualThreads:
      Did not match:
         - @ConditionalOnMissingBean (types: org.springframework.boot.task.SimpleAsyncTaskSchedulerBuilder; SearchStrategy: all) found beans of type 'org.springframework.boot.task.SimpleAsyncTaskSchedulerBuilder' simpleAsyncTaskSchedulerBuilder (OnBeanCondition)

   TaskSchedulingConfigurations.TaskSchedulerConfiguration:
      Did not match:
         - @ConditionalOnBean (names: org.springframework.context.annotation.internalScheduledAnnotationProcessor; SearchStrategy: all) did not find any beans named org.springframework.context.annotation.internalScheduledAnnotationProcessor (OnBeanCondition)

   ThymeleafAutoConfiguration:
      Did not match:
         - @ConditionalOnClass did not find required class 'org.thymeleaf.spring6.SpringTemplateEngine' (OnClassCondition)

   TransactionAutoConfiguration#transactionalOperator:
      Did not match:
         - @ConditionalOnSingleCandidate (types: org.springframework.transaction.ReactiveTransactionManager; SearchStrategy: all) did not find any beans (OnBeanCondition)

   TransactionAutoConfiguration.AspectJTransactionManagementConfiguration:
      Did not match:
         - @ConditionalOnBean (types: org.springframework.transaction.aspectj.AbstractTransactionAspect; SearchStrategy: all) did not find any beans of type org.springframework.transaction.aspectj.AbstractTransactionAspect (OnBeanCondition)

   TransactionAutoConfiguration.EnableTransactionManagementConfiguration.JdkDynamicAutoProxyConfiguration:
      Did not match:
         - @ConditionalOnProperty (spring.aop.proxy-target-class=false) did not find property 'proxy-target-class' (OnPropertyCondition)

   UserDetailsServiceAutoConfiguration:
      Did not match:
         - @ConditionalOnClass did not find required class 'org.springframework.security.authentication.AuthenticationManager' (OnClassCondition)

   ValidationAutoConfiguration:
      Did not match:
         - @ConditionalOnClass did not find required class 'jakarta.validation.executable.ExecutableValidator' (OnClassCondition)

   WebClientAutoConfiguration#webClientBuilder:
      Did not match:
         - @ConditionalOnMissingBean (types: org.springframework.web.reactive.function.client.WebClient$Builder; SearchStrategy: all) found beans of type 'org.springframework.web.reactive.function.client.WebClient$Builder' webClientBuilder (OnBeanCondition)

   WebFluxAutoConfiguration:
      Did not match:
         - not a reactive web application (OnWebApplicationCondition)
      Matched:
         - @ConditionalOnClass found required class 'org.springframework.web.reactive.config.WebFluxConfigurer' (OnClassCondition)

   WebMvcAutoConfiguration#hiddenHttpMethodFilter:
      Did not match:
         - @ConditionalOnProperty (spring.mvc.hiddenmethod.filter.enabled) did not find property 'enabled' (OnPropertyCondition)

   WebMvcAutoConfiguration.ProblemDetailsErrorHandlingConfiguration:
      Did not match:
         - @ConditionalOnProperty (spring.mvc.problemdetails.enabled=true) did not find property 'enabled' (OnPropertyCondition)

   WebMvcAutoConfiguration.ResourceChainCustomizerConfiguration:
      Did not match:
         - @ConditionalOnEnabledResourceChain did not find class org.webjars.WebJarVersionLocator (OnEnabledResourceChainCondition)

   WebMvcAutoConfiguration.WebMvcAutoConfigurationAdapter#beanNameViewResolver:
      Did not match:
         - @ConditionalOnMissingBean (types: org.springframework.web.servlet.view.BeanNameViewResolver; SearchStrategy: all) found beans of type 'org.springframework.web.servlet.view.BeanNameViewResolver' beanNameViewResolver (OnBeanCondition)

   WebServiceTemplateAutoConfiguration:
      Did not match:
         - @ConditionalOnClass did not find required class 'org.springframework.oxm.Marshaller' (OnClassCondition)

   WebServicesAutoConfiguration:
      Did not match:
         - @ConditionalOnClass did not find required class 'org.springframework.ws.transport.http.MessageDispatcherServlet' (OnClassCondition)

   WebSessionIdResolverAutoConfiguration:
      Did not match:
         - not a reactive web application (OnWebApplicationCondition)
      Matched:
         - @ConditionalOnClass found required classes 'org.springframework.web.server.session.WebSessionManager', 'reactor.core.publisher.Mono' (OnClassCondition)

   WebSocketMessagingAutoConfiguration:
      Did not match:
         - @ConditionalOnClass did not find required class 'org.springframework.web.socket.config.annotation.WebSocketMessageBrokerConfigurer' (OnClassCondition)

   WebSocketReactiveAutoConfiguration:
      Did not match:
         - not a reactive web application (OnWebApplicationCondition)
      Matched:
         - @ConditionalOnClass found required classes 'jakarta.servlet.Servlet', 'jakarta.websocket.server.ServerContainer' (OnClassCondition)

   WebSocketServletAutoConfiguration.JettyWebSocketConfiguration:
      Did not match:
         - @ConditionalOnClass did not find required class 'org.eclipse.jetty.ee10.websocket.jakarta.server.config.JakartaWebSocketServletContainerInitializer' (OnClassCondition)

   WebSocketServletAutoConfiguration.UndertowWebSocketConfiguration:
      Did not match:
         - @ConditionalOnClass did not find required class 'io.undertow.websockets.jsr.Bootstrap' (OnClassCondition)

   XADataSourceAutoConfiguration:
      Did not match:
         - @ConditionalOnBean (types: org.springframework.boot.jdbc.XADataSourceWrapper; SearchStrategy: all) did not find any beans of type org.springframework.boot.jdbc.XADataSourceWrapper (OnBeanCondition)
      Matched:
         - @ConditionalOnClass found required classes 'javax.sql.DataSource', 'jakarta.transaction.TransactionManager', 'org.springframework.jdbc.datasource.embedded.EmbeddedDatabaseType' (OnClassCondition)


Exclusions:
-----------

    None


Unconditional classes:
----------------------

    org.springframework.boot.autoconfigure.context.ConfigurationPropertiesAutoConfiguration

    org.springframework.boot.autoconfigure.ssl.SslAutoConfiguration

    org.springframework.boot.autoconfigure.context.PropertyPlaceholderAutoConfiguration

    org.springframework.boot.autoconfigure.context.LifecycleAutoConfiguration

    org.springframework.boot.autoconfigure.availability.ApplicationAvailabilityAutoConfiguration

    org.springframework.boot.autoconfigure.info.ProjectInfoAutoConfiguration



2025-03-29T14:52:57.648+01:00  INFO 36291 --- [e-handel] [           main] c.e.ProductServiceApplicationTests       : Started ProductServiceApplicationTests in 2.326 seconds (process running for 2.75)
2025-03-29T14:52:57.648+01:00 DEBUG 36291 --- [e-handel] [           main] o.s.b.a.ApplicationAvailabilityBean      : Application availability state LivenessState changed to CORRECT
2025-03-29T14:52:57.650+01:00 DEBUG 36291 --- [e-handel] [           main] o.s.b.a.ApplicationAvailabilityBean      : Application availability state ReadinessState changed to ACCEPTING_TRAFFIC
2025-03-29T14:52:57.652+01:00 DEBUG 36291 --- [e-handel] [           main] org.springframework.test.context.cache   : Spring test ApplicationContext cache statistics: [DefaultContextCache@1235732d size = 1, maxSize = 32, parentContextCount = 0, hitCount = 0, missCount = 1, failureCount = 0]
2025-03-29T14:52:57.653+01:00 DEBUG 36291 --- [e-handel] [           main] o.s.t.c.w.ServletTestExecutionListener   : Setting up MockHttpServletRequest, MockHttpServletResponse, ServletWebRequest, and RequestContextHolder for test class com.e_handel.ProductServiceApplicationTests
2025-03-29T14:52:57.661+01:00 DEBUG 36291 --- [e-handel] [           main] DependencyInjectionTestExecutionListener : Performing dependency injection for test class com.e_handel.ProductServiceApplicationTests
2025-03-29T14:52:57.661+01:00 DEBUG 36291 --- [e-handel] [           main] org.springframework.test.context.cache   : Spring test ApplicationContext cache statistics: [DefaultContextCache@1235732d size = 1, maxSize = 32, parentContextCount = 0, hitCount = 1, missCount = 1, failureCount = 0]
2025-03-29T14:52:57.664+01:00 DEBUG 36291 --- [e-handel] [           main] org.springframework.test.context.cache   : Spring test ApplicationContext cache statistics: [DefaultContextCache@1235732d size = 1, maxSize = 32, parentContextCount = 0, hitCount = 2, missCount = 1, failureCount = 0]
2025-03-29T14:52:57.667+01:00 DEBUG 36291 --- [e-handel] [           main] sContextBeforeModesTestExecutionListener : Before test method: class [ProductServiceApplicationTests], method [contextLoads], class annotated with @DirtiesContext [false] with mode [null], method annotated with @DirtiesContext [false] with mode [null]
2025-03-29T14:52:57.669+01:00 DEBUG 36291 --- [e-handel] [           main] org.springframework.test.context.cache   : Spring test ApplicationContext cache statistics: [DefaultContextCache@1235732d size = 1, maxSize = 32, parentContextCount = 0, hitCount = 3, missCount = 1, failureCount = 0]
2025-03-29T14:52:57.669+01:00 DEBUG 36291 --- [e-handel] [           main] org.springframework.test.context.cache   : Spring test ApplicationContext cache statistics: [DefaultContextCache@1235732d size = 1, maxSize = 32, parentContextCount = 0, hitCount = 4, missCount = 1, failureCount = 0]
2025-03-29T14:52:57.996+01:00 DEBUG 36291 --- [e-handel] [           main] org.springframework.test.context.cache   : Spring test ApplicationContext cache statistics: [DefaultContextCache@1235732d size = 1, maxSize = 32, parentContextCount = 0, hitCount = 5, missCount = 1, failureCount = 0]
2025-03-29T14:52:57.997+01:00 DEBUG 36291 --- [e-handel] [           main] org.springframework.test.context.cache   : Spring test ApplicationContext cache statistics: [DefaultContextCache@1235732d size = 1, maxSize = 32, parentContextCount = 0, hitCount = 6, missCount = 1, failureCount = 0]
2025-03-29T14:52:57.999+01:00 DEBUG 36291 --- [e-handel] [           main] org.springframework.test.context.cache   : Spring test ApplicationContext cache statistics: [DefaultContextCache@1235732d size = 1, maxSize = 32, parentContextCount = 0, hitCount = 7, missCount = 1, failureCount = 0]
2025-03-29T14:52:57.999+01:00 DEBUG 36291 --- [e-handel] [           main] org.springframework.test.context.cache   : Spring test ApplicationContext cache statistics: [DefaultContextCache@1235732d size = 1, maxSize = 32, parentContextCount = 0, hitCount = 8, missCount = 1, failureCount = 0]
2025-03-29T14:52:58.000+01:00 DEBUG 36291 --- [e-handel] [           main] org.springframework.test.context.cache   : Spring test ApplicationContext cache statistics: [DefaultContextCache@1235732d size = 1, maxSize = 32, parentContextCount = 0, hitCount = 9, missCount = 1, failureCount = 0]
2025-03-29T14:52:58.000+01:00 DEBUG 36291 --- [e-handel] [           main] org.springframework.test.context.cache   : Spring test ApplicationContext cache statistics: [DefaultContextCache@1235732d size = 1, maxSize = 32, parentContextCount = 0, hitCount = 10, missCount = 1, failureCount = 0]
2025-03-29T14:52:58.000+01:00 DEBUG 36291 --- [e-handel] [           main] org.springframework.test.context.cache   : Spring test ApplicationContext cache statistics: [DefaultContextCache@1235732d size = 1, maxSize = 32, parentContextCount = 0, hitCount = 11, missCount = 1, failureCount = 0]
2025-03-29T14:52:58.001+01:00 DEBUG 36291 --- [e-handel] [           main] org.springframework.test.context.cache   : Spring test ApplicationContext cache statistics: [DefaultContextCache@1235732d size = 1, maxSize = 32, parentContextCount = 0, hitCount = 12, missCount = 1, failureCount = 0]
2025-03-29T14:52:58.001+01:00 DEBUG 36291 --- [e-handel] [           main] org.springframework.test.context.cache   : Spring test ApplicationContext cache statistics: [DefaultContextCache@1235732d size = 1, maxSize = 32, parentContextCount = 0, hitCount = 13, missCount = 1, failureCount = 0]
2025-03-29T14:52:58.002+01:00 DEBUG 36291 --- [e-handel] [           main] .c.s.DirtiesContextTestExecutionListener : After test method: class [ProductServiceApplicationTests], method [contextLoads], class annotated with @DirtiesContext [false] with mode [null], method annotated with @DirtiesContext [false] with mode [null]
2025-03-29T14:52:58.002+01:00 DEBUG 36291 --- [e-handel] [           main] o.s.t.c.w.ServletTestExecutionListener   : Resetting RequestContextHolder for test class com.e_handel.ProductServiceApplicationTests
]]></system-out>
    <system-err><![CDATA[Mockito is currently self-attaching to enable the inline-mock-maker. This will no longer work in future releases of the JDK. Please add Mockito as an agent to your build what is described in Mockito's documentation: https://javadoc.io/doc/org.mockito/mockito-core/latest/org/mockito/Mockito.html#0.3
WARNING: A Java agent has been loaded dynamically (/Users/sawratan/.m2/repository/net/bytebuddy/byte-buddy-agent/1.15.11/byte-buddy-agent-1.15.11.jar)
WARNING: If a serviceability tool is in use, please run with -XX:+EnableDynamicAgentLoading to hide this warning
WARNING: If a serviceability tool is not in use, please run with -Djdk.instrument.traceUsage for more information
WARNING: Dynamic loading of agents will be disallowed by default in a future release
]]></system-err>
  </testcase>
</testsuite>